#! /home/mnasser431998/OSS_CAD/oss-cad-suite/bin/vvp
:ivl_version "13.0 (devel)" "(s20221226-126-gb210eb826)";
:ivl_delay_selection "TYPICAL";
:vpi_time_precision + 0;
:vpi_module "/home/mnasser431998/OSS_CAD/oss-cad-suite/lib/ivl/system.vpi";
:vpi_module "/home/mnasser431998/OSS_CAD/oss-cad-suite/lib/ivl/vhdl_sys.vpi";
:vpi_module "/home/mnasser431998/OSS_CAD/oss-cad-suite/lib/ivl/vhdl_textio.vpi";
:vpi_module "/home/mnasser431998/OSS_CAD/oss-cad-suite/lib/ivl/v2005_math.vpi";
:vpi_module "/home/mnasser431998/OSS_CAD/oss-cad-suite/lib/ivl/va_math.vpi";
S_0x55555661a0a0 .scope module, "tb_processor" "tb_processor" 2 3;
 .timescale 0 0;
P_0x5555565a6c60 .param/l "CLK_PERIOD" 1 2 13, +C4<00000000000000000000000000001010>;
v0x55555666de50_0 .var "clk", 0 0;
v0x55555666def0_0 .var "reset_n", 0 0;
S_0x5555566404d0 .scope module, "dut" "top" 2 8, 3 1 0, S_0x55555661a0a0;
 .timescale 0 0;
    .port_info 0 /INPUT 1 "clk";
    .port_info 1 /INPUT 1 "reset_n";
    .port_info 2 /OUTPUT 5 "leds";
P_0x555556643170 .param/str "MEM_FILE" 0 3 7, "/home/mnasser431998/Desktop/adv_SoC/firmware/firmware.hex";
L_0x555556639760 .functor AND 1, L_0x555556697170, L_0x555556694bd0, C4<1>, C4<1>;
L_0x55555663ed60 .functor AND 4, L_0x55555666e160, L_0x555556694860, C4<1111>, C4<1111>;
L_0x555556696790 .functor AND 1, L_0x555556697230, L_0x5555566966b0, C4<1>, C4<1>;
L_0x555556696b70 .functor AND 1, L_0x555556697230, L_0x555556694bd0, C4<1>, C4<1>;
L_0x7f9103c3cd50 .functor BUFT 1, C4<0000>, C4<0>, C4<0>, C4<0>;
v0x55555666d080_0 .net/2u *"_ivl_14", 3 0, L_0x7f9103c3cd50;  1 drivers
v0x55555666d180_0 .net *"_ivl_17", 27 0, L_0x555556696420;  1 drivers
v0x55555666d260_0 .net *"_ivl_2", 3 0, L_0x55555666e160;  1 drivers
v0x55555666d320_0 .net *"_ivl_21", 0 0, L_0x5555566966b0;  1 drivers
L_0x7f9103c3cd98 .functor BUFT 1, C4<0000>, C4<0>, C4<0>, C4<0>;
v0x55555666d3e0_0 .net/2u *"_ivl_24", 3 0, L_0x7f9103c3cd98;  1 drivers
v0x55555666d4c0_0 .net *"_ivl_27", 27 0, L_0x5555566968f0;  1 drivers
v0x55555666d5a0_0 .net "clk", 0 0, v0x55555666de50_0;  1 drivers
v0x55555666d640_0 .net "leds", 4 0, L_0x555556696330;  1 drivers
v0x55555666d720_0 .net "mem_addr", 31 0, L_0x55555668c250;  1 drivers
v0x55555666d7e0_0 .net "mem_rdata", 31 0, v0x555556640150_0;  1 drivers
v0x55555666d8a0_0 .net "mem_rstrb", 0 0, L_0x555556694bd0;  1 drivers
v0x55555666d940_0 .net "mem_wdata", 31 0, L_0x5555566927e0;  1 drivers
v0x55555666d9e0_0 .net "mem_wstrb", 3 0, L_0x555556694860;  1 drivers
v0x55555666da80_0 .var "processor_rdata", 31 0;
v0x55555666db40_0 .net "rdata_gpio", 31 0, L_0x555556696160;  1 drivers
v0x55555666dbe0_0 .net "reset_n", 0 0, v0x55555666def0_0;  1 drivers
v0x55555666dcb0_0 .net "s0_sel_mem", 0 0, L_0x555556697170;  1 drivers
v0x55555666dd80_0 .net "s1_sel_gpio", 0 0, L_0x555556697230;  1 drivers
E_0x5555565b0a80 .event anyedge, v0x55555665af10_0, v0x55555665ae50_0, v0x555556640150_0, v0x55555665bd60_0;
L_0x55555666e160 .concat [ 1 1 1 1], L_0x555556697170, L_0x555556697170, L_0x555556697170, L_0x555556697170;
L_0x555556696290 .reduce/nor v0x55555666def0_0;
L_0x555556696330 .part L_0x5555566960a0, 0, 5;
L_0x555556696420 .part L_0x55555668c250, 0, 28;
L_0x555556696520 .concat [ 28 4 0 0], L_0x555556696420, L_0x7f9103c3cd50;
L_0x5555566966b0 .reduce/or L_0x555556694860;
L_0x5555566968f0 .part L_0x55555668c250, 0, 28;
L_0x555556696990 .concat [ 28 4 0 0], L_0x5555566968f0, L_0x7f9103c3cd98;
S_0x55555663c1c0 .scope module, "D_mem_unit" "Memory" 3 36, 4 1 0, S_0x5555566404d0;
 .timescale 0 0;
    .port_info 0 /INPUT 1 "clk";
    .port_info 1 /INPUT 32 "mem_addr";
    .port_info 2 /OUTPUT 32 "mem_rdata";
    .port_info 3 /INPUT 1 "mem_rstrb";
    .port_info 4 /INPUT 32 "mem_wdata";
    .port_info 5 /INPUT 4 "mem_wmask";
P_0x555556645240 .param/str "MEM_FILE" 0 4 1, "/home/mnasser431998/Desktop/adv_SoC/firmware/firmware.hex";
P_0x555556645280 .param/l "SIZE" 0 4 2, +C4<00000000000000000000010000000000>;
v0x5555566398b0 .array "MEM", 1023 0, 31 0;
v0x55555663d320_0 .net "clk", 0 0, v0x55555666de50_0;  alias, 1 drivers
v0x55555663ee70_0 .var/i "i", 31 0;
v0x55555663f880_0 .net "mem_addr", 31 0, L_0x55555668c250;  alias, 1 drivers
v0x555556640150_0 .var "mem_rdata", 31 0;
v0x555556593740_0 .net "mem_rstrb", 0 0, L_0x555556639760;  1 drivers
v0x55555665a490_0 .net "mem_wdata", 31 0, L_0x5555566927e0;  alias, 1 drivers
v0x55555665a570_0 .net "mem_wmask", 3 0, L_0x55555663ed60;  1 drivers
v0x55555665a650_0 .net "word_addr", 29 0, L_0x55555666dfb0;  1 drivers
E_0x5555565b0710 .event posedge, v0x55555663d320_0;
L_0x55555666dfb0 .part L_0x55555668c250, 2, 30;
S_0x55555663c8a0 .scope module, "dv_sel" "device_select" 3 77, 5 1 0, S_0x5555566404d0;
 .timescale 0 0;
    .port_info 0 /INPUT 32 "addr";
    .port_info 1 /OUTPUT 1 "s0_sel_mem";
    .port_info 2 /OUTPUT 1 "s1_sel_gpio";
L_0x555556697170 .functor BUFZ 1, L_0x555556696e70, C4<0>, C4<0>, C4<0>;
L_0x555556697230 .functor BUFZ 1, L_0x555556697000, C4<0>, C4<0>, C4<0>;
v0x55555665a860_0 .net *"_ivl_1", 3 0, L_0x555556696cc0;  1 drivers
L_0x7f9103c3cde0 .functor BUFT 1, C4<0000>, C4<0>, C4<0>, C4<0>;
v0x55555665a960_0 .net/2u *"_ivl_2", 3 0, L_0x7f9103c3cde0;  1 drivers
v0x55555665aa40_0 .net *"_ivl_7", 3 0, L_0x555556696f60;  1 drivers
L_0x7f9103c3ce28 .functor BUFT 1, C4<0100>, C4<0>, C4<0>, C4<0>;
v0x55555665ab00_0 .net/2u *"_ivl_8", 3 0, L_0x7f9103c3ce28;  1 drivers
v0x55555665abe0_0 .net "addr", 31 0, L_0x55555668c250;  alias, 1 drivers
v0x55555665acf0_0 .net "gpio_space", 0 0, L_0x555556697000;  1 drivers
v0x55555665ad90_0 .net "mem_space", 0 0, L_0x555556696e70;  1 drivers
v0x55555665ae50_0 .net "s0_sel_mem", 0 0, L_0x555556697170;  alias, 1 drivers
v0x55555665af10_0 .net "s1_sel_gpio", 0 0, L_0x555556697230;  alias, 1 drivers
L_0x555556696cc0 .part L_0x55555668c250, 28, 4;
L_0x555556696e70 .cmp/eq 4, L_0x555556696cc0, L_0x7f9103c3cde0;
L_0x555556696f60 .part L_0x55555668c250, 28, 4;
L_0x555556697000 .cmp/eq 4, L_0x555556696f60, L_0x7f9103c3ce28;
S_0x55555663cc70 .scope module, "gpio_unit" "gpio_ip" 3 57, 6 3 0, S_0x5555566404d0;
 .timescale 0 0;
    .port_info 0 /INPUT 1 "clk";
    .port_info 1 /INPUT 1 "rst";
    .port_info 2 /OUTPUT 32 "csr_gpio_0_data_out";
    .port_info 3 /INPUT 32 "waddr";
    .port_info 4 /INPUT 32 "wdata";
    .port_info 5 /INPUT 1 "wen";
    .port_info 6 /INPUT 4 "wstrb";
    .port_info 7 /OUTPUT 1 "wready";
    .port_info 8 /INPUT 32 "raddr";
    .port_info 9 /INPUT 1 "ren";
    .port_info 10 /OUTPUT 32 "rdata";
    .port_info 11 /OUTPUT 1 "rvalid";
P_0x55555665b050 .param/l "ADDR_W" 0 6 4, +C4<00000000000000000000000000100000>;
P_0x55555665b090 .param/l "DATA_W" 0 6 5, +C4<00000000000000000000000000100000>;
P_0x55555665b0d0 .param/l "STRB_W" 0 6 6, +C4<00000000000000000000000000000100>;
L_0x555556695e10 .functor AND 1, L_0x555556696790, L_0x555556695d70, C4<1>, C4<1>;
L_0x555556695f70 .functor AND 1, L_0x555556696b70, L_0x555556695e80, C4<1>, C4<1>;
L_0x555556696030 .functor BUFZ 32, v0x55555665b7c0_0, C4<00000000000000000000000000000000>, C4<00000000000000000000000000000000>, C4<00000000000000000000000000000000>;
L_0x5555566960a0 .functor BUFZ 32, v0x55555665b7c0_0, C4<00000000000000000000000000000000>, C4<00000000000000000000000000000000>, C4<00000000000000000000000000000000>;
L_0x555556696160 .functor BUFZ 32, v0x55555665be40_0, C4<00000000000000000000000000000000>, C4<00000000000000000000000000000000>, C4<00000000000000000000000000000000>;
L_0x555556696220 .functor BUFZ 1, v0x55555665c160_0, C4<0>, C4<0>, C4<0>;
L_0x7f9103c3cc78 .functor BUFT 1, C4<00000000000000000000000000000000>, C4<0>, C4<0>, C4<0>;
v0x55555665b3d0_0 .net/2u *"_ivl_0", 31 0, L_0x7f9103c3cc78;  1 drivers
v0x55555665b490_0 .net *"_ivl_2", 0 0, L_0x555556695d70;  1 drivers
L_0x7f9103c3ccc0 .functor BUFT 1, C4<00000000000000000000000000000000>, C4<0>, C4<0>, C4<0>;
v0x55555665b550_0 .net/2u *"_ivl_6", 31 0, L_0x7f9103c3ccc0;  1 drivers
v0x55555665b610_0 .net *"_ivl_8", 0 0, L_0x555556695e80;  1 drivers
v0x55555665b6d0_0 .net "clk", 0 0, v0x55555666de50_0;  alias, 1 drivers
v0x55555665b7c0_0 .var "csr_gpio_0_data_ff", 31 0;
v0x55555665b880_0 .net "csr_gpio_0_data_out", 31 0, L_0x5555566960a0;  1 drivers
v0x55555665b960_0 .net "csr_gpio_0_rdata", 31 0, L_0x555556696030;  1 drivers
v0x55555665ba40_0 .net "csr_gpio_0_ren", 0 0, L_0x555556695f70;  1 drivers
v0x55555665bb00_0 .var "csr_gpio_0_ren_ff", 0 0;
v0x55555665bbc0_0 .net "csr_gpio_0_wen", 0 0, L_0x555556695e10;  1 drivers
v0x55555665bc80_0 .net "raddr", 31 0, L_0x555556696990;  1 drivers
v0x55555665bd60_0 .net "rdata", 31 0, L_0x555556696160;  alias, 1 drivers
v0x55555665be40_0 .var "rdata_ff", 31 0;
v0x55555665bf20_0 .net "ren", 0 0, L_0x555556696b70;  1 drivers
v0x55555665bfe0_0 .net "rst", 0 0, L_0x555556696290;  1 drivers
v0x55555665c0a0_0 .net "rvalid", 0 0, L_0x555556696220;  1 drivers
v0x55555665c160_0 .var "rvalid_ff", 0 0;
v0x55555665c220_0 .net "waddr", 31 0, L_0x555556696520;  1 drivers
v0x55555665c300_0 .net "wdata", 31 0, L_0x5555566927e0;  alias, 1 drivers
v0x55555665c3f0_0 .net "wen", 0 0, L_0x555556696790;  1 drivers
L_0x7f9103c3cd08 .functor BUFT 1, C4<1>, C4<0>, C4<0>, C4<0>;
v0x55555665c490_0 .net "wready", 0 0, L_0x7f9103c3cd08;  1 drivers
v0x55555665c550_0 .net "wstrb", 3 0, L_0x555556694860;  alias, 1 drivers
L_0x555556695d70 .cmp/eq 32, L_0x555556696520, L_0x7f9103c3cc78;
L_0x555556695e80 .cmp/eq 32, L_0x555556696990, L_0x7f9103c3ccc0;
S_0x5555565f12a0 .scope module, "processor" "FemtoRV32" 3 45, 7 38 0, S_0x5555566404d0;
 .timescale 0 0;
    .port_info 0 /INPUT 1 "clk";
    .port_info 1 /OUTPUT 32 "mem_addr";
    .port_info 2 /OUTPUT 32 "mem_wdata";
    .port_info 3 /OUTPUT 4 "mem_wmask";
    .port_info 4 /INPUT 32 "mem_rdata";
    .port_info 5 /OUTPUT 1 "mem_rstrb";
    .port_info 6 /INPUT 1 "mem_rbusy";
    .port_info 7 /INPUT 1 "mem_wbusy";
    .port_info 8 /INPUT 1 "reset";
P_0x55555665c7b0 .param/l "ADDR_WIDTH" 0 7 53, +C4<00000000000000000000000000100000>;
P_0x55555665c7f0 .param/l "EXECUTE" 1 7 317, +C4<0000000000000000000000000000000100>;
P_0x55555665c830 .param/l "EXECUTE_bit" 1 7 311, +C4<00000000000000000000000000000010>;
P_0x55555665c870 .param/l "FETCH_INSTR" 1 7 315, +C4<00000000000000000000000000000001>;
P_0x55555665c8b0 .param/l "FETCH_INSTR_bit" 1 7 309, +C4<00000000000000000000000000000000>;
P_0x55555665c8f0 .param/l "NB_STATES" 1 7 313, +C4<00000000000000000000000000000100>;
P_0x55555665c930 .param/l "RESET_ADDR" 0 7 52, C4<00000000000000000000000000000000>;
P_0x55555665c970 .param/l "WAIT_ALU_OR_MEM" 1 7 318, +C4<00000000000000000000000000000001000>;
P_0x55555665c9b0 .param/l "WAIT_ALU_OR_MEM_bit" 1 7 312, +C4<00000000000000000000000000000011>;
P_0x55555665c9f0 .param/l "WAIT_INSTR" 1 7 316, +C4<000000000000000000000000000000010>;
P_0x55555665ca30 .param/l "WAIT_INSTR_bit" 1 7 310, +C4<00000000000000000000000000000001>;
L_0x55555663f770 .functor OR 1, L_0x555556681250, L_0x555556681840, C4<0>, C4<0>;
L_0x555556640040 .functor BUFZ 32, v0x555556664cf0_0, C4<00000000000000000000000000000000>, C4<00000000000000000000000000000000>, C4<00000000000000000000000000000000>;
L_0x555556591b20 .functor OR 1, L_0x555556681840, L_0x555556682850, C4<0>, C4<0>;
L_0x5555565d3be0 .functor NOT 32, L_0x555556682c30, C4<00000000000000000000000000000000>, C4<00000000000000000000000000000000>, C4<00000000000000000000000000000000>;
L_0x555556683610 .functor XOR 1, L_0x555556683a40, L_0x555556683ca0, C4<0>, C4<0>;
L_0x555556684f60 .functor AND 1, L_0x555556684c10, L_0x555556684cb0, C4<1>, C4<1>;
L_0x555556685ea0 .functor OR 32, L_0x555556685530, L_0x555556685ad0, C4<00000000000000000000000000000000>, C4<00000000000000000000000000000000>;
L_0x555556686520 .functor OR 32, L_0x555556685ea0, L_0x555556686390, C4<00000000000000000000000000000000>, C4<00000000000000000000000000000000>;
L_0x555556686980 .functor XOR 32, L_0x555556640040, L_0x555556682c30, C4<00000000000000000000000000000000>, C4<00000000000000000000000000000000>;
L_0x555556686b80 .functor OR 32, L_0x555556686520, L_0x5555566869f0, C4<00000000000000000000000000000000>, C4<00000000000000000000000000000000>;
L_0x555556686fa0 .functor OR 32, L_0x555556640040, L_0x555556682c30, C4<00000000000000000000000000000000>, C4<00000000000000000000000000000000>;
L_0x555556687150 .functor OR 32, L_0x555556686b80, L_0x555556687010, C4<00000000000000000000000000000000>, C4<00000000000000000000000000000000>;
L_0x5555566875f0 .functor AND 32, L_0x555556640040, L_0x555556682c30, C4<11111111111111111111111111111111>, C4<11111111111111111111111111111111>;
L_0x5555566877f0 .functor OR 32, L_0x555556687150, L_0x555556687660, C4<00000000000000000000000000000000>, C4<00000000000000000000000000000000>;
L_0x555556687260 .functor OR 32, L_0x5555566877f0, L_0x555556687980, C4<00000000000000000000000000000000>, C4<00000000000000000000000000000000>;
L_0x555556688290 .functor OR 1, L_0x555556687da0, L_0x555556687f50, C4<0>, C4<0>;
L_0x555556688520 .functor AND 1, L_0x555556688480, L_0x555556684800, C4<1>, C4<1>;
L_0x555556688a20 .functor AND 1, L_0x555556688630, L_0x555556688980, C4<1>, C4<1>;
L_0x555556688bd0 .functor OR 1, L_0x555556688520, L_0x555556688a20, C4<0>, C4<0>;
L_0x555556689040 .functor AND 1, L_0x555556688ce0, L_0x5555566840d0, C4<1>, C4<1>;
L_0x5555566891b0 .functor OR 1, L_0x555556688bd0, L_0x555556689040, C4<0>, C4<0>;
L_0x555556689630 .functor AND 1, L_0x555556688b30, L_0x5555566892c0, C4<1>, C4<1>;
L_0x5555566897b0 .functor OR 1, L_0x5555566891b0, L_0x555556689630, C4<0>, C4<0>;
L_0x555556689960 .functor AND 1, L_0x5555566898c0, L_0x555556684440, C4<1>, C4<1>;
L_0x555556689af0 .functor OR 1, L_0x5555566897b0, L_0x555556689960, C4<0>, C4<0>;
L_0x55555668a020 .functor AND 1, L_0x555556689c00, L_0x555556689f80, C4<1>, C4<1>;
L_0x55555668a170 .functor OR 1, L_0x555556689af0, L_0x55555668a020, C4<0>, C4<0>;
L_0x55555668a320 .functor OR 1, L_0x55555668bbf0, L_0x55555668bc90, C4<0>, C4<0>;
L_0x55555668c960 .functor OR 32, L_0x55555668c390, L_0x55555668c820, C4<00000000000000000000000000000000>, C4<00000000000000000000000000000000>;
L_0x55555668cf60 .functor OR 32, L_0x55555668c960, L_0x55555668ca70, C4<00000000000000000000000000000000>, C4<00000000000000000000000000000000>;
L_0x55555668d300 .functor OR 32, L_0x55555668cf60, L_0x55555668d170, C4<00000000000000000000000000000000>, C4<00000000000000000000000000000000>;
L_0x55555668d410 .functor OR 1, L_0x555556681e00, L_0x555556681b50, C4<0>, C4<0>;
L_0x55555668db30 .functor OR 32, L_0x55555668d300, L_0x55555668d630, C4<00000000000000000000000000000000>, C4<00000000000000000000000000000000>;
L_0x55555668dd80 .functor OR 32, L_0x55555668db30, L_0x55555668dc40, C4<00000000000000000000000000000000>, C4<00000000000000000000000000000000>;
L_0x55555668f9f0 .functor AND 1, L_0x55555668eec0, L_0x55555668f4a0, C4<1>, C4<1>;
L_0x555556693af0 .functor OR 1, L_0x555556682850, L_0x555556681540, C4<0>, C4<0>;
L_0x55555668de90 .functor NOT 1, L_0x555556693af0, C4<0>, C4<0>, C4<0>;
L_0x555556693e90 .functor OR 1, L_0x555556694420, L_0x555556693df0, C4<0>, C4<0>;
L_0x555556694090 .functor AND 1, L_0x55555668de90, L_0x555556693e90, C4<1>, C4<1>;
L_0x555556694240 .functor AND 1, L_0x5555566941a0, L_0x555556680f70, C4<1>, C4<1>;
L_0x555556694bd0 .functor OR 1, L_0x555556694240, L_0x555556694b30, C4<0>, C4<0>;
L_0x5555566944c0 .functor AND 1, L_0x555556694c90, L_0x555556681540, C4<1>, C4<1>;
L_0x555556694860 .functor AND 4, L_0x5555566946e0, L_0x555556693a00, C4<1111>, C4<1111>;
L_0x555556694960 .functor AND 1, L_0x555556695260, L_0x55555663f770, C4<1>, C4<1>;
L_0x555556694ef0 .functor AND 1, L_0x555556682850, L_0x55555668a170, C4<1>, C4<1>;
L_0x555556694f60 .functor OR 1, L_0x555556681b50, L_0x555556694ef0, C4<0>, C4<0>;
L_0x5555566951a0 .functor OR 1, L_0x555556680f70, L_0x555556681540, C4<0>, C4<0>;
L_0x555556695a70 .functor AND 1, L_0x55555663f770, L_0x555556688290, C4<1>, C4<1>;
L_0x555556695d00 .functor OR 1, L_0x5555566951a0, L_0x555556695a70, C4<0>, C4<0>;
v0x55555665ce50_0 .net "Bimm", 31 0, L_0x55555667ff00;  1 drivers
v0x55555665d230_0 .net "EQ", 0 0, L_0x555556684800;  1 drivers
v0x55555665d2f0_0 .net "Iimm", 31 0, L_0x55555667ef40;  1 drivers
v0x55555665d3e0_0 .net "Jimm", 31 0, L_0x555556680b80;  1 drivers
v0x55555665d4c0_0 .net "LOAD_byte", 7 0, L_0x555556692470;  1 drivers
v0x55555665d5f0_0 .net "LOAD_data", 31 0, L_0x555556690c10;  1 drivers
v0x55555665d6d0_0 .net "LOAD_halfword", 15 0, L_0x555556691800;  1 drivers
v0x55555665d7b0_0 .net "LOAD_sign", 0 0, L_0x55555668f9f0;  1 drivers
v0x55555665d870_0 .net "LT", 0 0, L_0x5555566840d0;  1 drivers
v0x55555665d930_0 .net "LTU", 0 0, L_0x555556684440;  1 drivers
v0x55555665d9f0_0 .var "PC", 31 0;
v0x55555665dad0_0 .net "PCplus4", 31 0, L_0x55555668a280;  1 drivers
v0x55555665dbb0_0 .net "PCplusImm", 31 0, L_0x55555668b140;  1 drivers
v0x55555665dc90_0 .net "STORE_wmask", 3 0, L_0x555556693a00;  1 drivers
v0x55555665dd70_0 .net "Simm", 31 0, L_0x55555667f6d0;  1 drivers
v0x55555665de50_0 .net "Uimm", 31 0, L_0x55555667e880;  1 drivers
v0x55555665df30_0 .net *"_ivl_101", 4 0, L_0x5555566820c0;  1 drivers
L_0x7f9103c3c2e8 .functor BUFT 1, C4<01101>, C4<0>, C4<0>, C4<0>;
v0x55555665e010_0 .net/2u *"_ivl_102", 4 0, L_0x7f9103c3c2e8;  1 drivers
v0x55555665e0f0_0 .net *"_ivl_107", 4 0, L_0x555556682430;  1 drivers
L_0x7f9103c3c330 .functor BUFT 1, C4<00101>, C4<0>, C4<0>, C4<0>;
v0x55555665e1d0_0 .net/2u *"_ivl_108", 4 0, L_0x7f9103c3c330;  1 drivers
v0x55555665e2b0_0 .net *"_ivl_11", 18 0, L_0x55555666e710;  1 drivers
v0x55555665e390_0 .net *"_ivl_113", 4 0, L_0x5555566827b0;  1 drivers
L_0x7f9103c3c378 .functor BUFT 1, C4<11000>, C4<0>, C4<0>, C4<0>;
v0x55555665e470_0 .net/2u *"_ivl_114", 4 0, L_0x7f9103c3c378;  1 drivers
L_0x7f9103c3c060 .functor BUFT 1, C4<000000000000>, C4<0>, C4<0>, C4<0>;
v0x55555665e550_0 .net/2u *"_ivl_12", 11 0, L_0x7f9103c3c060;  1 drivers
v0x55555665e630_0 .net *"_ivl_122", 0 0, L_0x555556591b20;  1 drivers
L_0x7f9103c3c3c0 .functor BUFT 1, C4<1>, C4<0>, C4<0>, C4<0>;
v0x55555665e710_0 .net/2u *"_ivl_130", 0 0, L_0x7f9103c3c3c0;  1 drivers
v0x55555665e7f0_0 .net *"_ivl_132", 31 0, L_0x5555565d3be0;  1 drivers
v0x55555665e8d0_0 .net *"_ivl_134", 32 0, L_0x555556683170;  1 drivers
L_0x7f9103c3c408 .functor BUFT 1, C4<0>, C4<0>, C4<0>, C4<0>;
v0x55555665e9b0_0 .net/2u *"_ivl_136", 0 0, L_0x7f9103c3c408;  1 drivers
v0x55555665ea90_0 .net *"_ivl_138", 32 0, L_0x555556683480;  1 drivers
v0x55555665eb70_0 .net *"_ivl_140", 32 0, L_0x555556683570;  1 drivers
L_0x7f9103c3c450 .functor BUFT 1, C4<000000000000000000000000000000001>, C4<0>, C4<0>, C4<0>;
v0x55555665ec50_0 .net/2u *"_ivl_142", 32 0, L_0x7f9103c3c450;  1 drivers
v0x55555665ed30_0 .net *"_ivl_147", 0 0, L_0x555556683a40;  1 drivers
v0x55555665ee10_0 .net *"_ivl_149", 0 0, L_0x555556683ca0;  1 drivers
v0x55555665eef0_0 .net *"_ivl_150", 0 0, L_0x555556683610;  1 drivers
v0x55555665efd0_0 .net *"_ivl_153", 0 0, L_0x555556683d70;  1 drivers
v0x55555665f0b0_0 .net *"_ivl_155", 0 0, L_0x555556683fe0;  1 drivers
v0x55555665f190_0 .net *"_ivl_161", 31 0, L_0x5555566844e0;  1 drivers
L_0x7f9103c3c498 .functor BUFT 1, C4<00000000000000000000000000000000>, C4<0>, C4<0>, C4<0>;
v0x55555665f270_0 .net/2u *"_ivl_162", 31 0, L_0x7f9103c3c498;  1 drivers
v0x55555665f350_0 .net *"_ivl_167", 0 0, L_0x555556684920;  1 drivers
v0x55555665f430_0 .net *"_ivl_169", 0 0, L_0x555556684c10;  1 drivers
v0x55555665f510_0 .net *"_ivl_17", 0 0, L_0x55555667ea60;  1 drivers
v0x55555665f5f0_0 .net *"_ivl_171", 0 0, L_0x555556684cb0;  1 drivers
v0x55555665f6d0_0 .net *"_ivl_172", 0 0, L_0x555556684f60;  1 drivers
v0x55555665f7b0_0 .net *"_ivl_175", 31 0, L_0x5555566850e0;  1 drivers
v0x55555665f890_0 .net *"_ivl_176", 31 0, L_0x555556685180;  1 drivers
L_0x7f9103c3c4e0 .functor BUFT 1, C4<00000000000000000000000000000000>, C4<0>, C4<0>, C4<0>;
v0x55555665f970_0 .net/2u *"_ivl_178", 31 0, L_0x7f9103c3c4e0;  1 drivers
v0x55555665fa50_0 .net *"_ivl_18", 20 0, L_0x55555667eb00;  1 drivers
v0x55555665fb30_0 .net *"_ivl_180", 31 0, L_0x555556685530;  1 drivers
v0x55555665fc10_0 .net *"_ivl_183", 0 0, L_0x5555566856c0;  1 drivers
L_0x7f9103c3c528 .functor BUFT 1, C4<0000000000000000000000000000000>, C4<0>, C4<0>, C4<0>;
v0x55555665fcf0_0 .net/2u *"_ivl_184", 30 0, L_0x7f9103c3c528;  1 drivers
v0x55555665fdd0_0 .net *"_ivl_186", 31 0, L_0x555556685990;  1 drivers
L_0x7f9103c3c570 .functor BUFT 1, C4<00000000000000000000000000000000>, C4<0>, C4<0>, C4<0>;
v0x55555665feb0_0 .net/2u *"_ivl_188", 31 0, L_0x7f9103c3c570;  1 drivers
v0x55555665ff90_0 .net *"_ivl_190", 31 0, L_0x555556685ad0;  1 drivers
v0x555556660070_0 .net *"_ivl_192", 31 0, L_0x555556685ea0;  1 drivers
v0x555556660150_0 .net *"_ivl_195", 0 0, L_0x555556685fb0;  1 drivers
L_0x7f9103c3c5b8 .functor BUFT 1, C4<0000000000000000000000000000000>, C4<0>, C4<0>, C4<0>;
v0x555556660230_0 .net/2u *"_ivl_196", 30 0, L_0x7f9103c3c5b8;  1 drivers
v0x555556660310_0 .net *"_ivl_198", 31 0, L_0x555556686050;  1 drivers
L_0x7f9103c3c018 .functor BUFT 1, C4<00000001>, C4<0>, C4<0>, C4<0>;
v0x5555566603f0_0 .net/2u *"_ivl_2", 7 0, L_0x7f9103c3c018;  1 drivers
L_0x7f9103c3c600 .functor BUFT 1, C4<00000000000000000000000000000000>, C4<0>, C4<0>, C4<0>;
v0x5555566604d0_0 .net/2u *"_ivl_200", 31 0, L_0x7f9103c3c600;  1 drivers
v0x5555566605b0_0 .net *"_ivl_202", 31 0, L_0x555556686390;  1 drivers
v0x555556660690_0 .net *"_ivl_204", 31 0, L_0x555556686520;  1 drivers
v0x555556660770_0 .net *"_ivl_207", 0 0, L_0x555556686680;  1 drivers
v0x555556660850_0 .net *"_ivl_208", 31 0, L_0x555556686980;  1 drivers
v0x555556660930_0 .net *"_ivl_21", 10 0, L_0x55555667eea0;  1 drivers
L_0x7f9103c3c648 .functor BUFT 1, C4<00000000000000000000000000000000>, C4<0>, C4<0>, C4<0>;
v0x555556660e20_0 .net/2u *"_ivl_210", 31 0, L_0x7f9103c3c648;  1 drivers
v0x555556660f00_0 .net *"_ivl_212", 31 0, L_0x5555566869f0;  1 drivers
v0x555556660fe0_0 .net *"_ivl_214", 31 0, L_0x555556686b80;  1 drivers
v0x5555566610c0_0 .net *"_ivl_217", 0 0, L_0x555556686c90;  1 drivers
v0x5555566611a0_0 .net *"_ivl_218", 31 0, L_0x555556686fa0;  1 drivers
L_0x7f9103c3c690 .functor BUFT 1, C4<00000000000000000000000000000000>, C4<0>, C4<0>, C4<0>;
v0x555556661280_0 .net/2u *"_ivl_220", 31 0, L_0x7f9103c3c690;  1 drivers
v0x555556661360_0 .net *"_ivl_222", 31 0, L_0x555556687010;  1 drivers
v0x555556661440_0 .net *"_ivl_224", 31 0, L_0x555556687150;  1 drivers
v0x555556661520_0 .net *"_ivl_227", 0 0, L_0x5555566872d0;  1 drivers
v0x555556661600_0 .net *"_ivl_228", 31 0, L_0x5555566875f0;  1 drivers
L_0x7f9103c3c6d8 .functor BUFT 1, C4<00000000000000000000000000000000>, C4<0>, C4<0>, C4<0>;
v0x5555566616e0_0 .net/2u *"_ivl_230", 31 0, L_0x7f9103c3c6d8;  1 drivers
v0x5555566617c0_0 .net *"_ivl_232", 31 0, L_0x555556687660;  1 drivers
v0x5555566618a0_0 .net *"_ivl_234", 31 0, L_0x5555566877f0;  1 drivers
L_0x7f9103c3c720 .functor BUFT 1, C4<00000000000000000000000000000000>, C4<0>, C4<0>, C4<0>;
v0x555556661980_0 .net/2u *"_ivl_236", 31 0, L_0x7f9103c3c720;  1 drivers
v0x555556661a60_0 .net *"_ivl_238", 31 0, L_0x555556687980;  1 drivers
v0x555556661b40_0 .net *"_ivl_243", 0 0, L_0x555556687da0;  1 drivers
v0x555556661c20_0 .net *"_ivl_245", 0 0, L_0x555556687f50;  1 drivers
v0x555556661d00_0 .net *"_ivl_249", 0 0, L_0x555556688480;  1 drivers
v0x555556661de0_0 .net *"_ivl_25", 0 0, L_0x55555667f090;  1 drivers
v0x555556661ec0_0 .net *"_ivl_250", 0 0, L_0x555556688520;  1 drivers
v0x555556661fa0_0 .net *"_ivl_253", 0 0, L_0x555556688630;  1 drivers
v0x555556662080_0 .net *"_ivl_255", 0 0, L_0x555556688980;  1 drivers
v0x555556662140_0 .net *"_ivl_256", 0 0, L_0x555556688a20;  1 drivers
v0x555556662220_0 .net *"_ivl_258", 0 0, L_0x555556688bd0;  1 drivers
v0x555556662300_0 .net *"_ivl_26", 20 0, L_0x55555667f130;  1 drivers
v0x5555566623e0_0 .net *"_ivl_261", 0 0, L_0x555556688ce0;  1 drivers
v0x5555566624c0_0 .net *"_ivl_262", 0 0, L_0x555556689040;  1 drivers
v0x5555566625a0_0 .net *"_ivl_264", 0 0, L_0x5555566891b0;  1 drivers
v0x555556662680_0 .net *"_ivl_267", 0 0, L_0x555556688b30;  1 drivers
v0x555556662760_0 .net *"_ivl_269", 0 0, L_0x5555566892c0;  1 drivers
v0x555556662820_0 .net *"_ivl_270", 0 0, L_0x555556689630;  1 drivers
v0x555556662900_0 .net *"_ivl_272", 0 0, L_0x5555566897b0;  1 drivers
v0x5555566629e0_0 .net *"_ivl_275", 0 0, L_0x5555566898c0;  1 drivers
v0x555556662ac0_0 .net *"_ivl_276", 0 0, L_0x555556689960;  1 drivers
v0x555556662ba0_0 .net *"_ivl_278", 0 0, L_0x555556689af0;  1 drivers
v0x555556662c80_0 .net *"_ivl_281", 0 0, L_0x555556689c00;  1 drivers
v0x555556662d60_0 .net *"_ivl_283", 0 0, L_0x555556689f80;  1 drivers
v0x555556662e20_0 .net *"_ivl_284", 0 0, L_0x55555668a020;  1 drivers
L_0x7f9103c3c768 .functor BUFT 1, C4<00000000000000000000000000000100>, C4<0>, C4<0>, C4<0>;
v0x555556662f00_0 .net/2u *"_ivl_288", 31 0, L_0x7f9103c3c768;  1 drivers
v0x555556662fe0_0 .net *"_ivl_29", 5 0, L_0x55555667f510;  1 drivers
v0x5555566630c0_0 .net *"_ivl_293", 0 0, L_0x55555668a6d0;  1 drivers
v0x5555566631a0_0 .net *"_ivl_295", 0 0, L_0x55555668a770;  1 drivers
v0x555556663280_0 .net *"_ivl_296", 31 0, L_0x55555668ab10;  1 drivers
v0x555556663360_0 .net *"_ivl_298", 31 0, L_0x55555668aca0;  1 drivers
v0x555556663440_0 .net *"_ivl_303", 0 0, L_0x55555668b280;  1 drivers
v0x555556663520_0 .net *"_ivl_304", 31 0, L_0x55555668b640;  1 drivers
v0x555556663600_0 .net *"_ivl_309", 0 0, L_0x55555668bbf0;  1 drivers
v0x5555566636e0_0 .net *"_ivl_31", 4 0, L_0x55555667f5b0;  1 drivers
v0x5555566637c0_0 .net *"_ivl_311", 0 0, L_0x55555668bc90;  1 drivers
v0x5555566638a0_0 .net *"_ivl_312", 0 0, L_0x55555668a320;  1 drivers
L_0x7f9103c3c7b0 .functor BUFT 1, C4<00000000000000000000000000000000>, C4<0>, C4<0>, C4<0>;
v0x555556663980_0 .net/2u *"_ivl_316", 31 0, L_0x7f9103c3c7b0;  1 drivers
v0x555556663a60_0 .net *"_ivl_318", 31 0, L_0x55555668c390;  1 drivers
L_0x7f9103c3c7f8 .functor BUFT 1, C4<00000000000000000000000000000000>, C4<0>, C4<0>, C4<0>;
v0x555556663b40_0 .net/2u *"_ivl_320", 31 0, L_0x7f9103c3c7f8;  1 drivers
v0x555556663c20_0 .net *"_ivl_322", 31 0, L_0x55555668c820;  1 drivers
v0x555556663d00_0 .net *"_ivl_324", 31 0, L_0x55555668c960;  1 drivers
L_0x7f9103c3c840 .functor BUFT 1, C4<00000000000000000000000000000000>, C4<0>, C4<0>, C4<0>;
v0x555556663de0_0 .net/2u *"_ivl_326", 31 0, L_0x7f9103c3c840;  1 drivers
v0x555556663ec0_0 .net *"_ivl_328", 31 0, L_0x55555668ca70;  1 drivers
v0x555556663fa0_0 .net *"_ivl_330", 31 0, L_0x55555668cf60;  1 drivers
L_0x7f9103c3c888 .functor BUFT 1, C4<00000000000000000000000000000000>, C4<0>, C4<0>, C4<0>;
v0x555556664080_0 .net/2u *"_ivl_332", 31 0, L_0x7f9103c3c888;  1 drivers
v0x555556664160_0 .net *"_ivl_334", 31 0, L_0x55555668d170;  1 drivers
v0x555556664240_0 .net *"_ivl_336", 31 0, L_0x55555668d300;  1 drivers
v0x555556664320_0 .net *"_ivl_338", 0 0, L_0x55555668d410;  1 drivers
L_0x7f9103c3c8d0 .functor BUFT 1, C4<00000000000000000000000000000000>, C4<0>, C4<0>, C4<0>;
v0x555556664400_0 .net/2u *"_ivl_340", 31 0, L_0x7f9103c3c8d0;  1 drivers
v0x5555566644e0_0 .net *"_ivl_342", 31 0, L_0x55555668d630;  1 drivers
v0x555556664dd0_0 .net *"_ivl_344", 31 0, L_0x55555668db30;  1 drivers
L_0x7f9103c3c918 .functor BUFT 1, C4<00000000000000000000000000000000>, C4<0>, C4<0>, C4<0>;
v0x555556664eb0_0 .net/2u *"_ivl_346", 31 0, L_0x7f9103c3c918;  1 drivers
v0x555556664f90_0 .net *"_ivl_348", 31 0, L_0x55555668dc40;  1 drivers
v0x555556665070_0 .net *"_ivl_35", 0 0, L_0x55555667f870;  1 drivers
v0x555556665150_0 .net *"_ivl_353", 1 0, L_0x55555668dfb0;  1 drivers
L_0x7f9103c3c960 .functor BUFT 1, C4<00>, C4<0>, C4<0>, C4<0>;
v0x555556665230_0 .net/2u *"_ivl_354", 1 0, L_0x7f9103c3c960;  1 drivers
v0x555556665310_0 .net *"_ivl_359", 1 0, L_0x55555668e510;  1 drivers
v0x5555566653f0_0 .net *"_ivl_36", 19 0, L_0x55555667f9a0;  1 drivers
L_0x7f9103c3c9a8 .functor BUFT 1, C4<01>, C4<0>, C4<0>, C4<0>;
v0x5555566654d0_0 .net/2u *"_ivl_360", 1 0, L_0x7f9103c3c9a8;  1 drivers
v0x5555566655b0_0 .net *"_ivl_365", 0 0, L_0x55555668ea80;  1 drivers
v0x555556665690_0 .net *"_ivl_367", 0 0, L_0x55555668eec0;  1 drivers
v0x555556665750_0 .net *"_ivl_369", 0 0, L_0x55555668efb0;  1 drivers
v0x555556665830_0 .net *"_ivl_371", 0 0, L_0x55555668f400;  1 drivers
v0x555556665910_0 .net *"_ivl_372", 0 0, L_0x55555668f4a0;  1 drivers
v0x5555566659f0_0 .net *"_ivl_376", 23 0, L_0x55555668fb00;  1 drivers
v0x555556665ad0_0 .net *"_ivl_378", 31 0, L_0x55555668fbf0;  1 drivers
v0x555556665bb0_0 .net *"_ivl_380", 15 0, L_0x5555566900b0;  1 drivers
v0x555556665c90_0 .net *"_ivl_382", 31 0, L_0x555556690560;  1 drivers
v0x555556665d70_0 .net *"_ivl_384", 31 0, L_0x555556690a80;  1 drivers
v0x555556665e50_0 .net *"_ivl_389", 0 0, L_0x555556691190;  1 drivers
v0x555556665f30_0 .net *"_ivl_39", 0 0, L_0x55555667fe60;  1 drivers
v0x555556666010_0 .net *"_ivl_391", 15 0, L_0x555556691230;  1 drivers
v0x5555566660f0_0 .net *"_ivl_393", 15 0, L_0x5555566916d0;  1 drivers
v0x5555566661d0_0 .net *"_ivl_397", 0 0, L_0x555556691d50;  1 drivers
v0x5555566662b0_0 .net *"_ivl_399", 7 0, L_0x555556691e80;  1 drivers
v0x555556666390_0 .net *"_ivl_401", 7 0, L_0x5555566923d0;  1 drivers
v0x555556666470_0 .net *"_ivl_407", 7 0, L_0x555556692000;  1 drivers
v0x555556666550_0 .net *"_ivl_41", 5 0, L_0x55555667ffa0;  1 drivers
v0x555556666630_0 .net *"_ivl_411", 0 0, L_0x5555566920f0;  1 drivers
v0x555556666710_0 .net *"_ivl_413", 7 0, L_0x555556692190;  1 drivers
v0x5555566667f0_0 .net *"_ivl_415", 7 0, L_0x555556692230;  1 drivers
v0x5555566668d0_0 .net *"_ivl_416", 7 0, L_0x555556692960;  1 drivers
v0x5555566669b0_0 .net *"_ivl_421", 0 0, L_0x555556692a50;  1 drivers
v0x555556666a90_0 .net *"_ivl_423", 7 0, L_0x555556692510;  1 drivers
v0x555556666b70_0 .net *"_ivl_425", 7 0, L_0x5555566925b0;  1 drivers
v0x555556666c50_0 .net *"_ivl_426", 7 0, L_0x555556692650;  1 drivers
v0x555556666d30_0 .net *"_ivl_43", 3 0, L_0x555556680040;  1 drivers
v0x555556666e10_0 .net *"_ivl_432", 0 0, L_0x555556692af0;  1 drivers
v0x555556666ef0_0 .net *"_ivl_434", 7 0, L_0x555556692b90;  1 drivers
v0x555556666fd0_0 .net *"_ivl_436", 0 0, L_0x555556692c30;  1 drivers
v0x5555566670b0_0 .net *"_ivl_438", 7 0, L_0x555556692cd0;  1 drivers
L_0x7f9103c3c0a8 .functor BUFT 1, C4<0>, C4<0>, C4<0>, C4<0>;
v0x555556667190_0 .net/2u *"_ivl_44", 0 0, L_0x7f9103c3c0a8;  1 drivers
v0x555556667270_0 .net *"_ivl_440", 7 0, L_0x555556692d70;  1 drivers
v0x555556667350_0 .net *"_ivl_441", 7 0, L_0x555556692e10;  1 drivers
v0x555556667430_0 .net *"_ivl_443", 7 0, L_0x5555566934b0;  1 drivers
v0x555556667510_0 .net *"_ivl_446", 0 0, L_0x555556693690;  1 drivers
v0x5555566675f0_0 .net *"_ivl_448", 0 0, L_0x555556692fb0;  1 drivers
L_0x7f9103c3c9f0 .functor BUFT 1, C4<1000>, C4<0>, C4<0>, C4<0>;
v0x5555566676d0_0 .net/2u *"_ivl_449", 3 0, L_0x7f9103c3c9f0;  1 drivers
L_0x7f9103c3ca38 .functor BUFT 1, C4<0100>, C4<0>, C4<0>, C4<0>;
v0x5555566677b0_0 .net/2u *"_ivl_451", 3 0, L_0x7f9103c3ca38;  1 drivers
v0x555556667890_0 .net *"_ivl_453", 3 0, L_0x555556693050;  1 drivers
v0x555556667970_0 .net *"_ivl_456", 0 0, L_0x5555566931e0;  1 drivers
L_0x7f9103c3ca80 .functor BUFT 1, C4<0010>, C4<0>, C4<0>, C4<0>;
v0x555556667a50_0 .net/2u *"_ivl_457", 3 0, L_0x7f9103c3ca80;  1 drivers
L_0x7f9103c3cac8 .functor BUFT 1, C4<0001>, C4<0>, C4<0>, C4<0>;
v0x555556667b30_0 .net/2u *"_ivl_459", 3 0, L_0x7f9103c3cac8;  1 drivers
v0x555556667c10_0 .net *"_ivl_461", 3 0, L_0x555556693280;  1 drivers
v0x555556667cf0_0 .net *"_ivl_463", 3 0, L_0x555556693c10;  1 drivers
v0x555556667dd0_0 .net *"_ivl_466", 0 0, L_0x555556693d50;  1 drivers
L_0x7f9103c3cb10 .functor BUFT 1, C4<1100>, C4<0>, C4<0>, C4<0>;
v0x555556667eb0_0 .net/2u *"_ivl_467", 3 0, L_0x7f9103c3cb10;  1 drivers
L_0x7f9103c3cb58 .functor BUFT 1, C4<0011>, C4<0>, C4<0>, C4<0>;
v0x555556667f90_0 .net/2u *"_ivl_469", 3 0, L_0x7f9103c3cb58;  1 drivers
v0x555556668070_0 .net *"_ivl_471", 3 0, L_0x555556693730;  1 drivers
L_0x7f9103c3cba0 .functor BUFT 1, C4<1111>, C4<0>, C4<0>, C4<0>;
v0x555556668150_0 .net/2u *"_ivl_473", 3 0, L_0x7f9103c3cba0;  1 drivers
v0x555556668230_0 .net *"_ivl_475", 3 0, L_0x5555566938c0;  1 drivers
v0x555556668310_0 .net *"_ivl_479", 0 0, L_0x555556693af0;  1 drivers
v0x5555566683f0_0 .net *"_ivl_481", 0 0, L_0x55555668de90;  1 drivers
v0x5555566684d0_0 .net *"_ivl_484", 0 0, L_0x555556694420;  1 drivers
v0x5555566685b0_0 .net *"_ivl_486", 0 0, L_0x555556693df0;  1 drivers
v0x555556668690_0 .net *"_ivl_487", 0 0, L_0x555556693e90;  1 drivers
v0x555556668770_0 .net *"_ivl_49", 0 0, L_0x555556680390;  1 drivers
v0x555556668850_0 .net *"_ivl_492", 0 0, L_0x5555566941a0;  1 drivers
v0x555556668930_0 .net *"_ivl_493", 0 0, L_0x555556694240;  1 drivers
v0x555556668a10_0 .net *"_ivl_496", 0 0, L_0x555556694b30;  1 drivers
v0x555556668af0_0 .net *"_ivl_5", 2 0, L_0x55555666e3e0;  1 drivers
v0x555556668bd0_0 .net *"_ivl_50", 11 0, L_0x5555566804f0;  1 drivers
v0x555556668cb0_0 .net *"_ivl_500", 0 0, L_0x555556694c90;  1 drivers
v0x555556668d90_0 .net *"_ivl_501", 0 0, L_0x5555566944c0;  1 drivers
v0x555556668e70_0 .net *"_ivl_503", 3 0, L_0x5555566946e0;  1 drivers
v0x555556668f50_0 .net *"_ivl_508", 0 0, L_0x555556695260;  1 drivers
v0x555556669030_0 .net *"_ivl_511", 0 0, L_0x555556694ef0;  1 drivers
v0x555556669110_0 .net *"_ivl_515", 0 0, L_0x5555566951a0;  1 drivers
v0x5555566691f0_0 .net *"_ivl_517", 0 0, L_0x555556695a70;  1 drivers
v0x5555566692d0_0 .net *"_ivl_53", 7 0, L_0x5555566805e0;  1 drivers
v0x5555566693b0_0 .net *"_ivl_55", 0 0, L_0x555556680750;  1 drivers
v0x555556669490_0 .net *"_ivl_57", 9 0, L_0x555556680a00;  1 drivers
L_0x7f9103c3c0f0 .functor BUFT 1, C4<0>, C4<0>, C4<0>, C4<0>;
v0x555556669570_0 .net/2u *"_ivl_58", 0 0, L_0x7f9103c3c0f0;  1 drivers
v0x555556669650_0 .net *"_ivl_63", 4 0, L_0x555556680d90;  1 drivers
L_0x7f9103c3c138 .functor BUFT 1, C4<00000>, C4<0>, C4<0>, C4<0>;
v0x555556669730_0 .net/2u *"_ivl_64", 4 0, L_0x7f9103c3c138;  1 drivers
v0x555556669810_0 .net *"_ivl_69", 4 0, L_0x5555566810b0;  1 drivers
L_0x7f9103c3c180 .functor BUFT 1, C4<00100>, C4<0>, C4<0>, C4<0>;
v0x5555566698f0_0 .net/2u *"_ivl_70", 4 0, L_0x7f9103c3c180;  1 drivers
v0x5555566699d0_0 .net *"_ivl_75", 4 0, L_0x555556681390;  1 drivers
L_0x7f9103c3c1c8 .functor BUFT 1, C4<01000>, C4<0>, C4<0>, C4<0>;
v0x555556669ab0_0 .net/2u *"_ivl_76", 4 0, L_0x7f9103c3c1c8;  1 drivers
v0x555556669b90_0 .net *"_ivl_81", 4 0, L_0x555556681680;  1 drivers
L_0x7f9103c3c210 .functor BUFT 1, C4<01100>, C4<0>, C4<0>, C4<0>;
v0x555556669c70_0 .net/2u *"_ivl_82", 4 0, L_0x7f9103c3c210;  1 drivers
v0x555556669d50_0 .net *"_ivl_87", 4 0, L_0x555556681980;  1 drivers
L_0x7f9103c3c258 .functor BUFT 1, C4<11100>, C4<0>, C4<0>, C4<0>;
v0x555556669e30_0 .net/2u *"_ivl_88", 4 0, L_0x7f9103c3c258;  1 drivers
v0x555556669f10_0 .net *"_ivl_9", 0 0, L_0x55555666e640;  1 drivers
v0x555556669ff0_0 .net *"_ivl_95", 4 0, L_0x555556681d30;  1 drivers
L_0x7f9103c3c2a0 .functor BUFT 1, C4<11001>, C4<0>, C4<0>, C4<0>;
v0x55555666a0d0_0 .net/2u *"_ivl_96", 4 0, L_0x7f9103c3c2a0;  1 drivers
v0x55555666a1b0_0 .net "aluBusy", 0 0, L_0x555556682d70;  1 drivers
v0x55555666a270_0 .net "aluIn1", 31 0, L_0x555556640040;  1 drivers
v0x55555666a350_0 .net "aluIn2", 31 0, L_0x555556682c30;  1 drivers
v0x55555666a430_0 .net "aluMinus", 32 0, L_0x555556683900;  1 drivers
v0x55555666a510_0 .net "aluOut", 31 0, L_0x555556687260;  1 drivers
v0x55555666a5f0_0 .net "aluPlus", 31 0, L_0x555556682fd0;  1 drivers
v0x55555666a6d0_0 .var "aluReg", 31 0;
v0x55555666a7b0_0 .var "aluShamt", 4 0;
v0x55555666a890_0 .net "aluWr", 0 0, L_0x555556694960;  1 drivers
v0x55555666a950_0 .net "clk", 0 0, v0x55555666de50_0;  alias, 1 drivers
v0x55555666a9f0_0 .var "cycles", 31 0;
v0x55555666aad0_0 .net "funct3Is", 7 0, L_0x55555666e500;  1 drivers
v0x55555666abd0_0 .net "funct3IsShift", 0 0, L_0x555556688290;  1 drivers
v0x55555666ac90_0 .var "instr", 31 2;
v0x55555666ad70_0 .net "isALU", 0 0, L_0x55555663f770;  1 drivers
v0x55555666ae30_0 .net "isALUimm", 0 0, L_0x555556681250;  1 drivers
v0x55555666aef0_0 .net "isALUreg", 0 0, L_0x555556681840;  1 drivers
v0x55555666afb0_0 .net "isAUIPC", 0 0, L_0x5555566824d0;  1 drivers
v0x55555666b070_0 .net "isBranch", 0 0, L_0x555556682850;  1 drivers
v0x55555666b130_0 .net "isJAL", 0 0, L_0x555556681b50;  1 drivers
v0x55555666b1f0_0 .net "isJALR", 0 0, L_0x555556681e00;  1 drivers
v0x55555666b2b0_0 .net "isLUI", 0 0, L_0x555556682160;  1 drivers
v0x55555666b370_0 .net "isLoad", 0 0, L_0x555556680f70;  1 drivers
v0x55555666b430_0 .net "isSYSTEM", 0 0, L_0x555556681720;  1 drivers
v0x55555666b4f0_0 .net "isStore", 0 0, L_0x555556681540;  1 drivers
v0x55555666b5b0_0 .net "jumpToPCplusImm", 0 0, L_0x555556694f60;  1 drivers
v0x55555666b670_0 .net "loadstore_addr", 31 0, L_0x55555668b780;  1 drivers
v0x55555666b750_0 .net "mem_addr", 31 0, L_0x55555668c250;  alias, 1 drivers
v0x55555666b860_0 .net "mem_byteAccess", 0 0, L_0x55555668e3d0;  1 drivers
v0x55555666b920_0 .net "mem_halfwordAccess", 0 0, L_0x55555668e940;  1 drivers
L_0x7f9103c3cbe8 .functor BUFT 1, C4<0>, C4<0>, C4<0>, C4<0>;
v0x55555666b9e0_0 .net "mem_rbusy", 0 0, L_0x7f9103c3cbe8;  1 drivers
v0x55555666baa0_0 .net "mem_rdata", 31 0, v0x55555666da80_0;  1 drivers
v0x5555566645c0_0 .net "mem_rstrb", 0 0, L_0x555556694bd0;  alias, 1 drivers
L_0x7f9103c3cc30 .functor BUFT 1, C4<0>, C4<0>, C4<0>, C4<0>;
v0x555556664680_0 .net "mem_wbusy", 0 0, L_0x7f9103c3cc30;  1 drivers
v0x555556664740_0 .net "mem_wdata", 31 0, L_0x5555566927e0;  alias, 1 drivers
v0x555556664850_0 .net "mem_wmask", 3 0, L_0x555556694860;  alias, 1 drivers
v0x555556664910_0 .net "needToWait", 0 0, L_0x555556695d00;  1 drivers
v0x5555566649b0_0 .net "predicate", 0 0, L_0x55555668a170;  1 drivers
v0x555556664a70_0 .net "rdId", 4 0, L_0x55555666e2e0;  1 drivers
v0x555556664b50 .array "registerFile", 0 31, 31 0;
v0x555556664c50_0 .net "reset", 0 0, v0x55555666def0_0;  alias, 1 drivers
v0x555556664cf0_0 .var "rs1", 31 0;
v0x55555666cb90_0 .var "rs2", 31 0;
v0x55555666cc70_0 .var "state", 3 0;
v0x55555666cd70_0 .net "writeBack", 0 0, L_0x555556694090;  1 drivers
v0x55555666ce30_0 .net "writeBackData", 31 0, L_0x55555668dd80;  1 drivers
L_0x55555666e2e0 .part v0x55555666ac90_0, 5, 5;
L_0x55555666e3e0 .part v0x55555666ac90_0, 10, 3;
L_0x55555666e500 .shift/l 8, L_0x7f9103c3c018, L_0x55555666e3e0;
L_0x55555666e640 .part v0x55555666ac90_0, 29, 1;
L_0x55555666e710 .part v0x55555666ac90_0, 10, 19;
L_0x55555667e880 .concat [ 12 19 1 0], L_0x7f9103c3c060, L_0x55555666e710, L_0x55555666e640;
L_0x55555667ea60 .part v0x55555666ac90_0, 29, 1;
LS_0x55555667eb00_0_0 .concat [ 1 1 1 1], L_0x55555667ea60, L_0x55555667ea60, L_0x55555667ea60, L_0x55555667ea60;
LS_0x55555667eb00_0_4 .concat [ 1 1 1 1], L_0x55555667ea60, L_0x55555667ea60, L_0x55555667ea60, L_0x55555667ea60;
LS_0x55555667eb00_0_8 .concat [ 1 1 1 1], L_0x55555667ea60, L_0x55555667ea60, L_0x55555667ea60, L_0x55555667ea60;
LS_0x55555667eb00_0_12 .concat [ 1 1 1 1], L_0x55555667ea60, L_0x55555667ea60, L_0x55555667ea60, L_0x55555667ea60;
LS_0x55555667eb00_0_16 .concat [ 1 1 1 1], L_0x55555667ea60, L_0x55555667ea60, L_0x55555667ea60, L_0x55555667ea60;
LS_0x55555667eb00_0_20 .concat [ 1 0 0 0], L_0x55555667ea60;
LS_0x55555667eb00_1_0 .concat [ 4 4 4 4], LS_0x55555667eb00_0_0, LS_0x55555667eb00_0_4, LS_0x55555667eb00_0_8, LS_0x55555667eb00_0_12;
LS_0x55555667eb00_1_4 .concat [ 4 1 0 0], LS_0x55555667eb00_0_16, LS_0x55555667eb00_0_20;
L_0x55555667eb00 .concat [ 16 5 0 0], LS_0x55555667eb00_1_0, LS_0x55555667eb00_1_4;
L_0x55555667eea0 .part v0x55555666ac90_0, 18, 11;
L_0x55555667ef40 .concat [ 11 21 0 0], L_0x55555667eea0, L_0x55555667eb00;
L_0x55555667f090 .part v0x55555666ac90_0, 29, 1;
LS_0x55555667f130_0_0 .concat [ 1 1 1 1], L_0x55555667f090, L_0x55555667f090, L_0x55555667f090, L_0x55555667f090;
LS_0x55555667f130_0_4 .concat [ 1 1 1 1], L_0x55555667f090, L_0x55555667f090, L_0x55555667f090, L_0x55555667f090;
LS_0x55555667f130_0_8 .concat [ 1 1 1 1], L_0x55555667f090, L_0x55555667f090, L_0x55555667f090, L_0x55555667f090;
LS_0x55555667f130_0_12 .concat [ 1 1 1 1], L_0x55555667f090, L_0x55555667f090, L_0x55555667f090, L_0x55555667f090;
LS_0x55555667f130_0_16 .concat [ 1 1 1 1], L_0x55555667f090, L_0x55555667f090, L_0x55555667f090, L_0x55555667f090;
LS_0x55555667f130_0_20 .concat [ 1 0 0 0], L_0x55555667f090;
LS_0x55555667f130_1_0 .concat [ 4 4 4 4], LS_0x55555667f130_0_0, LS_0x55555667f130_0_4, LS_0x55555667f130_0_8, LS_0x55555667f130_0_12;
LS_0x55555667f130_1_4 .concat [ 4 1 0 0], LS_0x55555667f130_0_16, LS_0x55555667f130_0_20;
L_0x55555667f130 .concat [ 16 5 0 0], LS_0x55555667f130_1_0, LS_0x55555667f130_1_4;
L_0x55555667f510 .part v0x55555666ac90_0, 23, 6;
L_0x55555667f5b0 .part v0x55555666ac90_0, 5, 5;
L_0x55555667f6d0 .concat [ 5 6 21 0], L_0x55555667f5b0, L_0x55555667f510, L_0x55555667f130;
L_0x55555667f870 .part v0x55555666ac90_0, 29, 1;
LS_0x55555667f9a0_0_0 .concat [ 1 1 1 1], L_0x55555667f870, L_0x55555667f870, L_0x55555667f870, L_0x55555667f870;
LS_0x55555667f9a0_0_4 .concat [ 1 1 1 1], L_0x55555667f870, L_0x55555667f870, L_0x55555667f870, L_0x55555667f870;
LS_0x55555667f9a0_0_8 .concat [ 1 1 1 1], L_0x55555667f870, L_0x55555667f870, L_0x55555667f870, L_0x55555667f870;
LS_0x55555667f9a0_0_12 .concat [ 1 1 1 1], L_0x55555667f870, L_0x55555667f870, L_0x55555667f870, L_0x55555667f870;
LS_0x55555667f9a0_0_16 .concat [ 1 1 1 1], L_0x55555667f870, L_0x55555667f870, L_0x55555667f870, L_0x55555667f870;
LS_0x55555667f9a0_1_0 .concat [ 4 4 4 4], LS_0x55555667f9a0_0_0, LS_0x55555667f9a0_0_4, LS_0x55555667f9a0_0_8, LS_0x55555667f9a0_0_12;
LS_0x55555667f9a0_1_4 .concat [ 4 0 0 0], LS_0x55555667f9a0_0_16;
L_0x55555667f9a0 .concat [ 16 4 0 0], LS_0x55555667f9a0_1_0, LS_0x55555667f9a0_1_4;
L_0x55555667fe60 .part v0x55555666ac90_0, 5, 1;
L_0x55555667ffa0 .part v0x55555666ac90_0, 23, 6;
L_0x555556680040 .part v0x55555666ac90_0, 6, 4;
LS_0x55555667ff00_0_0 .concat [ 1 4 6 1], L_0x7f9103c3c0a8, L_0x555556680040, L_0x55555667ffa0, L_0x55555667fe60;
LS_0x55555667ff00_0_4 .concat [ 20 0 0 0], L_0x55555667f9a0;
L_0x55555667ff00 .concat [ 12 20 0 0], LS_0x55555667ff00_0_0, LS_0x55555667ff00_0_4;
L_0x555556680390 .part v0x55555666ac90_0, 29, 1;
LS_0x5555566804f0_0_0 .concat [ 1 1 1 1], L_0x555556680390, L_0x555556680390, L_0x555556680390, L_0x555556680390;
LS_0x5555566804f0_0_4 .concat [ 1 1 1 1], L_0x555556680390, L_0x555556680390, L_0x555556680390, L_0x555556680390;
LS_0x5555566804f0_0_8 .concat [ 1 1 1 1], L_0x555556680390, L_0x555556680390, L_0x555556680390, L_0x555556680390;
L_0x5555566804f0 .concat [ 4 4 4 0], LS_0x5555566804f0_0_0, LS_0x5555566804f0_0_4, LS_0x5555566804f0_0_8;
L_0x5555566805e0 .part v0x55555666ac90_0, 10, 8;
L_0x555556680750 .part v0x55555666ac90_0, 18, 1;
L_0x555556680a00 .part v0x55555666ac90_0, 19, 10;
LS_0x555556680b80_0_0 .concat [ 1 10 1 8], L_0x7f9103c3c0f0, L_0x555556680a00, L_0x555556680750, L_0x5555566805e0;
LS_0x555556680b80_0_4 .concat [ 12 0 0 0], L_0x5555566804f0;
L_0x555556680b80 .concat [ 20 12 0 0], LS_0x555556680b80_0_0, LS_0x555556680b80_0_4;
L_0x555556680d90 .part v0x55555666ac90_0, 0, 5;
L_0x555556680f70 .cmp/eq 5, L_0x555556680d90, L_0x7f9103c3c138;
L_0x5555566810b0 .part v0x55555666ac90_0, 0, 5;
L_0x555556681250 .cmp/eq 5, L_0x5555566810b0, L_0x7f9103c3c180;
L_0x555556681390 .part v0x55555666ac90_0, 0, 5;
L_0x555556681540 .cmp/eq 5, L_0x555556681390, L_0x7f9103c3c1c8;
L_0x555556681680 .part v0x55555666ac90_0, 0, 5;
L_0x555556681840 .cmp/eq 5, L_0x555556681680, L_0x7f9103c3c210;
L_0x555556681980 .part v0x55555666ac90_0, 0, 5;
L_0x555556681720 .cmp/eq 5, L_0x555556681980, L_0x7f9103c3c258;
L_0x555556681b50 .part v0x55555666ac90_0, 1, 1;
L_0x555556681d30 .part v0x55555666ac90_0, 0, 5;
L_0x555556681e00 .cmp/eq 5, L_0x555556681d30, L_0x7f9103c3c2a0;
L_0x5555566820c0 .part v0x55555666ac90_0, 0, 5;
L_0x555556682160 .cmp/eq 5, L_0x5555566820c0, L_0x7f9103c3c2e8;
L_0x555556682430 .part v0x55555666ac90_0, 0, 5;
L_0x5555566824d0 .cmp/eq 5, L_0x555556682430, L_0x7f9103c3c330;
L_0x5555566827b0 .part v0x55555666ac90_0, 0, 5;
L_0x555556682850 .cmp/eq 5, L_0x5555566827b0, L_0x7f9103c3c378;
L_0x555556682c30 .functor MUXZ 32, L_0x55555667ef40, v0x55555666cb90_0, L_0x555556591b20, C4<>;
L_0x555556682d70 .reduce/or v0x55555666a7b0_0;
L_0x555556682fd0 .arith/sum 32, L_0x555556640040, L_0x555556682c30;
L_0x555556683170 .concat [ 32 1 0 0], L_0x5555565d3be0, L_0x7f9103c3c3c0;
L_0x555556683480 .concat [ 32 1 0 0], L_0x555556640040, L_0x7f9103c3c408;
L_0x555556683570 .arith/sum 33, L_0x555556683170, L_0x555556683480;
L_0x555556683900 .arith/sum 33, L_0x555556683570, L_0x7f9103c3c450;
L_0x555556683a40 .part L_0x555556640040, 31, 1;
L_0x555556683ca0 .part L_0x555556682c30, 31, 1;
L_0x555556683d70 .part L_0x555556640040, 31, 1;
L_0x555556683fe0 .part L_0x555556683900, 32, 1;
L_0x5555566840d0 .functor MUXZ 1, L_0x555556683fe0, L_0x555556683d70, L_0x555556683610, C4<>;
L_0x555556684440 .part L_0x555556683900, 32, 1;
L_0x5555566844e0 .part L_0x555556683900, 0, 32;
L_0x555556684800 .cmp/eq 32, L_0x5555566844e0, L_0x7f9103c3c498;
L_0x555556684920 .part L_0x55555666e500, 0, 1;
L_0x555556684c10 .part v0x55555666ac90_0, 28, 1;
L_0x555556684cb0 .part v0x55555666ac90_0, 3, 1;
L_0x5555566850e0 .part L_0x555556683900, 0, 32;
L_0x555556685180 .functor MUXZ 32, L_0x555556682fd0, L_0x5555566850e0, L_0x555556684f60, C4<>;
L_0x555556685530 .functor MUXZ 32, L_0x7f9103c3c4e0, L_0x555556685180, L_0x555556684920, C4<>;
L_0x5555566856c0 .part L_0x55555666e500, 2, 1;
L_0x555556685990 .concat [ 1 31 0 0], L_0x5555566840d0, L_0x7f9103c3c528;
L_0x555556685ad0 .functor MUXZ 32, L_0x7f9103c3c570, L_0x555556685990, L_0x5555566856c0, C4<>;
L_0x555556685fb0 .part L_0x55555666e500, 3, 1;
L_0x555556686050 .concat [ 1 31 0 0], L_0x555556684440, L_0x7f9103c3c5b8;
L_0x555556686390 .functor MUXZ 32, L_0x7f9103c3c600, L_0x555556686050, L_0x555556685fb0, C4<>;
L_0x555556686680 .part L_0x55555666e500, 4, 1;
L_0x5555566869f0 .functor MUXZ 32, L_0x7f9103c3c648, L_0x555556686980, L_0x555556686680, C4<>;
L_0x555556686c90 .part L_0x55555666e500, 6, 1;
L_0x555556687010 .functor MUXZ 32, L_0x7f9103c3c690, L_0x555556686fa0, L_0x555556686c90, C4<>;
L_0x5555566872d0 .part L_0x55555666e500, 7, 1;
L_0x555556687660 .functor MUXZ 32, L_0x7f9103c3c6d8, L_0x5555566875f0, L_0x5555566872d0, C4<>;
L_0x555556687980 .functor MUXZ 32, L_0x7f9103c3c720, v0x55555666a6d0_0, L_0x555556688290, C4<>;
L_0x555556687da0 .part L_0x55555666e500, 1, 1;
L_0x555556687f50 .part L_0x55555666e500, 5, 1;
L_0x555556688480 .part L_0x55555666e500, 0, 1;
L_0x555556688630 .part L_0x55555666e500, 1, 1;
L_0x555556688980 .reduce/nor L_0x555556684800;
L_0x555556688ce0 .part L_0x55555666e500, 4, 1;
L_0x555556688b30 .part L_0x55555666e500, 5, 1;
L_0x5555566892c0 .reduce/nor L_0x5555566840d0;
L_0x5555566898c0 .part L_0x55555666e500, 6, 1;
L_0x555556689c00 .part L_0x55555666e500, 7, 1;
L_0x555556689f80 .reduce/nor L_0x555556684440;
L_0x55555668a280 .arith/sum 32, v0x55555665d9f0_0, L_0x7f9103c3c768;
L_0x55555668a6d0 .part v0x55555666ac90_0, 1, 1;
L_0x55555668a770 .part v0x55555666ac90_0, 2, 1;
L_0x55555668ab10 .functor MUXZ 32, L_0x55555667ff00, L_0x55555667e880, L_0x55555668a770, C4<>;
L_0x55555668aca0 .functor MUXZ 32, L_0x55555668ab10, L_0x555556680b80, L_0x55555668a6d0, C4<>;
L_0x55555668b140 .arith/sum 32, v0x55555665d9f0_0, L_0x55555668aca0;
L_0x55555668b280 .part v0x55555666ac90_0, 3, 1;
L_0x55555668b640 .functor MUXZ 32, L_0x55555667ef40, L_0x55555667f6d0, L_0x55555668b280, C4<>;
L_0x55555668b780 .arith/sum 32, v0x555556664cf0_0, L_0x55555668b640;
L_0x55555668bbf0 .part v0x55555666cc70_0, 1, 1;
L_0x55555668bc90 .part v0x55555666cc70_0, 0, 1;
L_0x55555668c250 .functor MUXZ 32, L_0x55555668b780, v0x55555665d9f0_0, L_0x55555668a320, C4<>;
L_0x55555668c390 .functor MUXZ 32, L_0x7f9103c3c7b0, v0x55555666a9f0_0, L_0x555556681720, C4<>;
L_0x55555668c820 .functor MUXZ 32, L_0x7f9103c3c7f8, L_0x55555667e880, L_0x555556682160, C4<>;
L_0x55555668ca70 .functor MUXZ 32, L_0x7f9103c3c840, L_0x555556687260, L_0x55555663f770, C4<>;
L_0x55555668d170 .functor MUXZ 32, L_0x7f9103c3c888, L_0x55555668b140, L_0x5555566824d0, C4<>;
L_0x55555668d630 .functor MUXZ 32, L_0x7f9103c3c8d0, L_0x55555668a280, L_0x55555668d410, C4<>;
L_0x55555668dc40 .functor MUXZ 32, L_0x7f9103c3c918, L_0x555556690c10, L_0x555556680f70, C4<>;
L_0x55555668dfb0 .part v0x55555666ac90_0, 10, 2;
L_0x55555668e3d0 .cmp/eq 2, L_0x55555668dfb0, L_0x7f9103c3c960;
L_0x55555668e510 .part v0x55555666ac90_0, 10, 2;
L_0x55555668e940 .cmp/eq 2, L_0x55555668e510, L_0x7f9103c3c9a8;
L_0x55555668ea80 .part v0x55555666ac90_0, 12, 1;
L_0x55555668eec0 .reduce/nor L_0x55555668ea80;
L_0x55555668efb0 .part L_0x555556692470, 7, 1;
L_0x55555668f400 .part L_0x555556691800, 15, 1;
L_0x55555668f4a0 .functor MUXZ 1, L_0x55555668f400, L_0x55555668efb0, L_0x55555668e3d0, C4<>;
LS_0x55555668fb00_0_0 .concat [ 1 1 1 1], L_0x55555668f9f0, L_0x55555668f9f0, L_0x55555668f9f0, L_0x55555668f9f0;
LS_0x55555668fb00_0_4 .concat [ 1 1 1 1], L_0x55555668f9f0, L_0x55555668f9f0, L_0x55555668f9f0, L_0x55555668f9f0;
LS_0x55555668fb00_0_8 .concat [ 1 1 1 1], L_0x55555668f9f0, L_0x55555668f9f0, L_0x55555668f9f0, L_0x55555668f9f0;
LS_0x55555668fb00_0_12 .concat [ 1 1 1 1], L_0x55555668f9f0, L_0x55555668f9f0, L_0x55555668f9f0, L_0x55555668f9f0;
LS_0x55555668fb00_0_16 .concat [ 1 1 1 1], L_0x55555668f9f0, L_0x55555668f9f0, L_0x55555668f9f0, L_0x55555668f9f0;
LS_0x55555668fb00_0_20 .concat [ 1 1 1 1], L_0x55555668f9f0, L_0x55555668f9f0, L_0x55555668f9f0, L_0x55555668f9f0;
LS_0x55555668fb00_1_0 .concat [ 4 4 4 4], LS_0x55555668fb00_0_0, LS_0x55555668fb00_0_4, LS_0x55555668fb00_0_8, LS_0x55555668fb00_0_12;
LS_0x55555668fb00_1_4 .concat [ 4 4 0 0], LS_0x55555668fb00_0_16, LS_0x55555668fb00_0_20;
L_0x55555668fb00 .concat [ 16 8 0 0], LS_0x55555668fb00_1_0, LS_0x55555668fb00_1_4;
L_0x55555668fbf0 .concat [ 8 24 0 0], L_0x555556692470, L_0x55555668fb00;
LS_0x5555566900b0_0_0 .concat [ 1 1 1 1], L_0x55555668f9f0, L_0x55555668f9f0, L_0x55555668f9f0, L_0x55555668f9f0;
LS_0x5555566900b0_0_4 .concat [ 1 1 1 1], L_0x55555668f9f0, L_0x55555668f9f0, L_0x55555668f9f0, L_0x55555668f9f0;
LS_0x5555566900b0_0_8 .concat [ 1 1 1 1], L_0x55555668f9f0, L_0x55555668f9f0, L_0x55555668f9f0, L_0x55555668f9f0;
LS_0x5555566900b0_0_12 .concat [ 1 1 1 1], L_0x55555668f9f0, L_0x55555668f9f0, L_0x55555668f9f0, L_0x55555668f9f0;
L_0x5555566900b0 .concat [ 4 4 4 4], LS_0x5555566900b0_0_0, LS_0x5555566900b0_0_4, LS_0x5555566900b0_0_8, LS_0x5555566900b0_0_12;
L_0x555556690560 .concat [ 16 16 0 0], L_0x555556691800, L_0x5555566900b0;
L_0x555556690a80 .functor MUXZ 32, v0x55555666da80_0, L_0x555556690560, L_0x55555668e940, C4<>;
L_0x555556690c10 .functor MUXZ 32, L_0x555556690a80, L_0x55555668fbf0, L_0x55555668e3d0, C4<>;
L_0x555556691190 .part L_0x55555668b780, 1, 1;
L_0x555556691230 .part v0x55555666da80_0, 16, 16;
L_0x5555566916d0 .part v0x55555666da80_0, 0, 16;
L_0x555556691800 .functor MUXZ 16, L_0x5555566916d0, L_0x555556691230, L_0x555556691190, C4<>;
L_0x555556691d50 .part L_0x55555668b780, 0, 1;
L_0x555556691e80 .part L_0x555556691800, 8, 8;
L_0x5555566923d0 .part L_0x555556691800, 0, 8;
L_0x555556692470 .functor MUXZ 8, L_0x5555566923d0, L_0x555556691e80, L_0x555556691d50, C4<>;
L_0x555556692000 .part v0x55555666cb90_0, 0, 8;
L_0x5555566920f0 .part L_0x55555668b780, 0, 1;
L_0x555556692190 .part v0x55555666cb90_0, 0, 8;
L_0x555556692230 .part v0x55555666cb90_0, 8, 8;
L_0x555556692960 .functor MUXZ 8, L_0x555556692230, L_0x555556692190, L_0x5555566920f0, C4<>;
L_0x555556692a50 .part L_0x55555668b780, 1, 1;
L_0x555556692510 .part v0x55555666cb90_0, 0, 8;
L_0x5555566925b0 .part v0x55555666cb90_0, 16, 8;
L_0x555556692650 .functor MUXZ 8, L_0x5555566925b0, L_0x555556692510, L_0x555556692a50, C4<>;
L_0x5555566927e0 .concat8 [ 8 8 8 8], L_0x555556692000, L_0x555556692960, L_0x555556692650, L_0x5555566934b0;
L_0x555556692af0 .part L_0x55555668b780, 0, 1;
L_0x555556692b90 .part v0x55555666cb90_0, 0, 8;
L_0x555556692c30 .part L_0x55555668b780, 1, 1;
L_0x555556692cd0 .part v0x55555666cb90_0, 8, 8;
L_0x555556692d70 .part v0x55555666cb90_0, 24, 8;
L_0x555556692e10 .functor MUXZ 8, L_0x555556692d70, L_0x555556692cd0, L_0x555556692c30, C4<>;
L_0x5555566934b0 .functor MUXZ 8, L_0x555556692e10, L_0x555556692b90, L_0x555556692af0, C4<>;
L_0x555556693690 .part L_0x55555668b780, 1, 1;
L_0x555556692fb0 .part L_0x55555668b780, 0, 1;
L_0x555556693050 .functor MUXZ 4, L_0x7f9103c3ca38, L_0x7f9103c3c9f0, L_0x555556692fb0, C4<>;
L_0x5555566931e0 .part L_0x55555668b780, 0, 1;
L_0x555556693280 .functor MUXZ 4, L_0x7f9103c3cac8, L_0x7f9103c3ca80, L_0x5555566931e0, C4<>;
L_0x555556693c10 .functor MUXZ 4, L_0x555556693280, L_0x555556693050, L_0x555556693690, C4<>;
L_0x555556693d50 .part L_0x55555668b780, 1, 1;
L_0x555556693730 .functor MUXZ 4, L_0x7f9103c3cb58, L_0x7f9103c3cb10, L_0x555556693d50, C4<>;
L_0x5555566938c0 .functor MUXZ 4, L_0x7f9103c3cba0, L_0x555556693730, L_0x55555668e940, C4<>;
L_0x555556693a00 .functor MUXZ 4, L_0x5555566938c0, L_0x555556693c10, L_0x55555668e3d0, C4<>;
L_0x555556694420 .part v0x55555666cc70_0, 2, 1;
L_0x555556693df0 .part v0x55555666cc70_0, 3, 1;
L_0x5555566941a0 .part v0x55555666cc70_0, 2, 1;
L_0x555556694b30 .part v0x55555666cc70_0, 0, 1;
L_0x555556694c90 .part v0x55555666cc70_0, 2, 1;
L_0x5555566946e0 .concat [ 1 1 1 1], L_0x5555566944c0, L_0x5555566944c0, L_0x5555566944c0, L_0x5555566944c0;
L_0x555556695260 .part v0x55555666cc70_0, 2, 1;
    .scope S_0x55555663c1c0;
T_0 ;
    %pushi/vec4 0, 0, 32;
    %store/vec4 v0x55555663ee70_0, 0, 32;
T_0.0 ; Top of for-loop 
    %load/vec4 v0x55555663ee70_0;
    %cmpi/s 1024, 0, 32;
    %jmp/0xz T_0.1, 5;
    %pushi/vec4 0, 0, 32;
    %ix/getv/s 4, v0x55555663ee70_0;
    %store/vec4a v0x5555566398b0, 4, 0;
T_0.2 ; for-loop step statement
    %load/vec4 v0x55555663ee70_0;
    %addi 1, 0, 32;
    %store/vec4 v0x55555663ee70_0, 0, 32;
    %jmp T_0.0;
T_0.1 ; for-loop exit label
    %vpi_call 4 19 "$readmemh", P_0x555556645240, v0x5555566398b0 {0 0 0};
    %end;
    .thread T_0;
    .scope S_0x55555663c1c0;
T_1 ;
    %wait E_0x5555565b0710;
    %load/vec4 v0x55555665a570_0;
    %parti/s 1, 0, 2;
    %flag_set/vec4 8;
    %jmp/0xz  T_1.0, 8;
    %load/vec4 v0x55555665a490_0;
    %parti/s 8, 0, 2;
    %ix/getv 3, v0x55555665a650_0;
    %ix/load 4, 0, 0; Constant delay
    %assign/vec4/a/d v0x5555566398b0, 0, 4;
T_1.0 ;
    %load/vec4 v0x55555665a570_0;
    %parti/s 1, 1, 2;
    %flag_set/vec4 8;
    %jmp/0xz  T_1.2, 8;
    %load/vec4 v0x55555665a490_0;
    %parti/s 8, 8, 5;
    %ix/getv 3, v0x55555665a650_0;
    %ix/load 4, 8, 0; part off
    %ix/load 5, 0, 0; Constant delay
    %assign/vec4/a/d v0x5555566398b0, 4, 5;
T_1.2 ;
    %load/vec4 v0x55555665a570_0;
    %parti/s 1, 2, 3;
    %flag_set/vec4 8;
    %jmp/0xz  T_1.4, 8;
    %load/vec4 v0x55555665a490_0;
    %parti/s 8, 16, 6;
    %ix/getv 3, v0x55555665a650_0;
    %ix/load 4, 16, 0; part off
    %ix/load 5, 0, 0; Constant delay
    %assign/vec4/a/d v0x5555566398b0, 4, 5;
T_1.4 ;
    %load/vec4 v0x55555665a570_0;
    %parti/s 1, 3, 3;
    %flag_set/vec4 8;
    %jmp/0xz  T_1.6, 8;
    %load/vec4 v0x55555665a490_0;
    %parti/s 8, 24, 6;
    %ix/getv 3, v0x55555665a650_0;
    %ix/load 4, 24, 0; part off
    %ix/load 5, 0, 0; Constant delay
    %assign/vec4/a/d v0x5555566398b0, 4, 5;
T_1.6 ;
    %jmp T_1;
    .thread T_1;
    .scope S_0x55555663c1c0;
T_2 ;
    %wait E_0x5555565b0710;
    %load/vec4 v0x555556593740_0;
    %flag_set/vec4 8;
    %jmp/0xz  T_2.0, 8;
    %ix/getv 4, v0x55555665a650_0;
    %load/vec4a v0x5555566398b0, 4;
    %assign/vec4 v0x555556640150_0, 0;
T_2.0 ;
    %jmp T_2;
    .thread T_2;
    .scope S_0x5555565f12a0;
T_3 ;
    %wait E_0x5555565b0710;
    %load/vec4 v0x55555666cd70_0;
    %flag_set/vec4 8;
    %jmp/0xz  T_3.0, 8;
    %load/vec4 v0x555556664a70_0;
    %pad/u 32;
    %cmpi/ne 0, 0, 32;
    %jmp/0xz  T_3.2, 4;
    %load/vec4 v0x55555666ce30_0;
    %load/vec4 v0x555556664a70_0;
    %pad/u 7;
    %ix/vec4 3;
    %ix/load 4, 0, 0; Constant delay
    %assign/vec4/a/d v0x555556664b50, 0, 4;
T_3.2 ;
T_3.0 ;
    %jmp T_3;
    .thread T_3;
    .scope S_0x5555565f12a0;
T_4 ;
    %wait E_0x5555565b0710;
    %load/vec4 v0x55555666a890_0;
    %flag_set/vec4 8;
    %jmp/0xz  T_4.0, 8;
    %load/vec4 v0x55555666abd0_0;
    %flag_set/vec4 8;
    %jmp/0xz  T_4.2, 8;
    %load/vec4 v0x55555666a270_0;
    %assign/vec4 v0x55555666a6d0_0, 0;
    %load/vec4 v0x55555666a350_0;
    %parti/s 5, 0, 2;
    %assign/vec4 v0x55555666a7b0_0, 0;
T_4.2 ;
T_4.0 ;
    %load/vec4 v0x55555666a7b0_0;
    %or/r;
    %flag_set/vec4 8;
    %jmp/0xz  T_4.4, 8;
    %load/vec4 v0x55555666a7b0_0;
    %subi 1, 0, 5;
    %assign/vec4 v0x55555666a7b0_0, 0;
    %load/vec4 v0x55555666aad0_0;
    %parti/s 1, 1, 2;
    %flag_set/vec4 8;
    %jmp/0 T_4.6, 8;
    %load/vec4 v0x55555666a6d0_0;
    %ix/load 4, 1, 0;
    %flag_set/imm 4, 0;
    %shiftl 4;
    %jmp/1 T_4.7, 8;
T_4.6 ; End of true expr.
    %load/vec4 v0x55555666ac90_0;
    %parti/s 1, 28, 6;
    %load/vec4 v0x55555666a6d0_0;
    %parti/s 1, 31, 6;
    %and;
    %load/vec4 v0x55555666a6d0_0;
    %parti/s 31, 1, 2;
    %concat/vec4; draw_concat_vec4
    %jmp/0 T_4.7, 8;
 ; End of false expr.
    %blend;
T_4.7;
    %assign/vec4 v0x55555666a6d0_0, 0;
T_4.4 ;
    %jmp T_4;
    .thread T_4;
    .scope S_0x5555565f12a0;
T_5 ;
    %wait E_0x5555565b0710;
    %load/vec4 v0x555556664c50_0;
    %nor/r;
    %flag_set/vec4 8;
    %jmp/0xz  T_5.0, 8;
    %pushi/vec4 8, 0, 4;
    %assign/vec4 v0x55555666cc70_0, 0;
    %pushi/vec4 0, 0, 32;
    %assign/vec4 v0x55555665d9f0_0, 0;
    %jmp T_5.1;
T_5.0 ;
    %pushi/vec4 1, 0, 1;
    %dup/vec4;
    %load/vec4 v0x55555666cc70_0;
    %parti/s 1, 1, 2;
    %cmp/u;
    %jmp/1 T_5.2, 6;
    %dup/vec4;
    %load/vec4 v0x55555666cc70_0;
    %parti/s 1, 2, 3;
    %cmp/u;
    %jmp/1 T_5.3, 6;
    %dup/vec4;
    %load/vec4 v0x55555666cc70_0;
    %parti/s 1, 3, 3;
    %cmp/u;
    %jmp/1 T_5.4, 6;
    %pushi/vec4 2, 0, 4;
    %assign/vec4 v0x55555666cc70_0, 0;
    %jmp T_5.6;
T_5.2 ;
    %load/vec4 v0x55555666b9e0_0;
    %nor/r;
    %flag_set/vec4 8;
    %jmp/0xz  T_5.7, 8;
    %load/vec4 v0x55555666baa0_0;
    %parti/s 5, 15, 5;
    %pad/u 7;
    %ix/vec4 4;
    %load/vec4a v0x555556664b50, 4;
    %assign/vec4 v0x555556664cf0_0, 0;
    %load/vec4 v0x55555666baa0_0;
    %parti/s 5, 20, 6;
    %pad/u 7;
    %ix/vec4 4;
    %load/vec4a v0x555556664b50, 4;
    %assign/vec4 v0x55555666cb90_0, 0;
    %load/vec4 v0x55555666baa0_0;
    %parti/s 30, 2, 3;
    %assign/vec4 v0x55555666ac90_0, 0;
    %pushi/vec4 4, 0, 4;
    %assign/vec4 v0x55555666cc70_0, 0;
T_5.7 ;
    %jmp T_5.6;
T_5.3 ;
    %load/vec4 v0x55555666b1f0_0;
    %flag_set/vec4 8;
    %jmp/0 T_5.9, 8;
    %load/vec4 v0x55555666a5f0_0;
    %parti/s 31, 1, 2;
    %concati/vec4 0, 0, 1;
    %jmp/1 T_5.10, 8;
T_5.9 ; End of true expr.
    %load/vec4 v0x55555666b5b0_0;
    %flag_set/vec4 9;
    %jmp/0 T_5.11, 9;
    %load/vec4 v0x55555665dbb0_0;
    %jmp/1 T_5.12, 9;
T_5.11 ; End of true expr.
    %load/vec4 v0x55555665dad0_0;
    %jmp/0 T_5.12, 9;
 ; End of false expr.
    %blend;
T_5.12;
    %jmp/0 T_5.10, 8;
 ; End of false expr.
    %blend;
T_5.10;
    %assign/vec4 v0x55555665d9f0_0, 0;
    %load/vec4 v0x555556664910_0;
    %flag_set/vec4 8;
    %jmp/0 T_5.13, 8;
    %pushi/vec4 8, 0, 35;
    %jmp/1 T_5.14, 8;
T_5.13 ; End of true expr.
    %pushi/vec4 1, 0, 35;
    %jmp/0 T_5.14, 8;
 ; End of false expr.
    %blend;
T_5.14;
    %pad/s 4;
    %assign/vec4 v0x55555666cc70_0, 0;
    %jmp T_5.6;
T_5.4 ;
    %load/vec4 v0x55555666a1b0_0;
    %nor/r;
    %load/vec4 v0x55555666b9e0_0;
    %nor/r;
    %and;
    %load/vec4 v0x555556664680_0;
    %nor/r;
    %and;
    %flag_set/vec4 8;
    %jmp/0xz  T_5.15, 8;
    %pushi/vec4 1, 0, 4;
    %assign/vec4 v0x55555666cc70_0, 0;
T_5.15 ;
    %jmp T_5.6;
T_5.6 ;
    %pop/vec4 1;
T_5.1 ;
    %jmp T_5;
    .thread T_5;
    .scope S_0x5555565f12a0;
T_6 ;
    %wait E_0x5555565b0710;
    %load/vec4 v0x55555666a9f0_0;
    %addi 1, 0, 32;
    %assign/vec4 v0x55555666a9f0_0, 0;
    %jmp T_6;
    .thread T_6;
    .scope S_0x5555565f12a0;
T_7 ;
    %pushi/vec4 0, 0, 32;
    %store/vec4 v0x55555666a9f0_0, 0, 32;
    %pushi/vec4 0, 0, 5;
    %store/vec4 v0x55555666a7b0_0, 0, 5;
    %pushi/vec4 0, 0, 32;
    %ix/load 4, 0, 0;
    %flag_set/imm 4, 0;
    %store/vec4a v0x555556664b50, 4, 0;
    %end;
    .thread T_7;
    .scope S_0x55555663cc70;
T_8 ;
    %wait E_0x5555565b0710;
    %load/vec4 v0x55555665bfe0_0;
    %flag_set/vec4 8;
    %jmp/0xz  T_8.0, 8;
    %pushi/vec4 0, 0, 1;
    %assign/vec4 v0x55555665bb00_0, 0;
    %jmp T_8.1;
T_8.0 ;
    %load/vec4 v0x55555665ba40_0;
    %assign/vec4 v0x55555665bb00_0, 0;
T_8.1 ;
    %jmp T_8;
    .thread T_8;
    .scope S_0x55555663cc70;
T_9 ;
    %wait E_0x5555565b0710;
    %load/vec4 v0x55555665bfe0_0;
    %flag_set/vec4 8;
    %jmp/0xz  T_9.0, 8;
    %pushi/vec4 0, 0, 32;
    %assign/vec4 v0x55555665b7c0_0, 0;
    %jmp T_9.1;
T_9.0 ;
    %load/vec4 v0x55555665bbc0_0;
    %flag_set/vec4 8;
    %jmp/0xz  T_9.2, 8;
    %load/vec4 v0x55555665c550_0;
    %parti/s 1, 0, 2;
    %flag_set/vec4 8;
    %jmp/0xz  T_9.4, 8;
    %load/vec4 v0x55555665c300_0;
    %parti/s 8, 0, 2;
    %ix/load 4, 0, 0;
    %ix/load 5, 0, 0;
    %flag_set/imm 4, 0;
    %assign/vec4/off/d v0x55555665b7c0_0, 4, 5;
T_9.4 ;
    %load/vec4 v0x55555665c550_0;
    %parti/s 1, 1, 2;
    %flag_set/vec4 8;
    %jmp/0xz  T_9.6, 8;
    %load/vec4 v0x55555665c300_0;
    %parti/s 8, 8, 5;
    %ix/load 4, 8, 0;
    %ix/load 5, 0, 0;
    %flag_set/imm 4, 0;
    %assign/vec4/off/d v0x55555665b7c0_0, 4, 5;
T_9.6 ;
    %load/vec4 v0x55555665c550_0;
    %parti/s 1, 2, 3;
    %flag_set/vec4 8;
    %jmp/0xz  T_9.8, 8;
    %load/vec4 v0x55555665c300_0;
    %parti/s 8, 16, 6;
    %ix/load 4, 16, 0;
    %ix/load 5, 0, 0;
    %flag_set/imm 4, 0;
    %assign/vec4/off/d v0x55555665b7c0_0, 4, 5;
T_9.8 ;
    %load/vec4 v0x55555665c550_0;
    %parti/s 1, 3, 3;
    %flag_set/vec4 8;
    %jmp/0xz  T_9.10, 8;
    %load/vec4 v0x55555665c300_0;
    %parti/s 8, 24, 6;
    %ix/load 4, 24, 0;
    %ix/load 5, 0, 0;
    %flag_set/imm 4, 0;
    %assign/vec4/off/d v0x55555665b7c0_0, 4, 5;
T_9.10 ;
    %jmp T_9.3;
T_9.2 ;
    %load/vec4 v0x55555665b7c0_0;
    %assign/vec4 v0x55555665b7c0_0, 0;
T_9.3 ;
T_9.1 ;
    %jmp T_9;
    .thread T_9;
    .scope S_0x55555663cc70;
T_10 ;
    %wait E_0x5555565b0710;
    %load/vec4 v0x55555665bfe0_0;
    %flag_set/vec4 8;
    %jmp/0xz  T_10.0, 8;
    %pushi/vec4 0, 0, 32;
    %assign/vec4 v0x55555665be40_0, 0;
    %jmp T_10.1;
T_10.0 ;
    %load/vec4 v0x55555665bf20_0;
    %flag_set/vec4 8;
    %jmp/0xz  T_10.2, 8;
    %load/vec4 v0x55555665bc80_0;
    %dup/vec4;
    %pushi/vec4 0, 0, 32;
    %cmp/u;
    %jmp/1 T_10.4, 6;
    %pushi/vec4 0, 0, 32;
    %assign/vec4 v0x55555665be40_0, 0;
    %jmp T_10.6;
T_10.4 ;
    %load/vec4 v0x55555665b960_0;
    %assign/vec4 v0x55555665be40_0, 0;
    %jmp T_10.6;
T_10.6 ;
    %pop/vec4 1;
    %jmp T_10.3;
T_10.2 ;
    %pushi/vec4 0, 0, 32;
    %assign/vec4 v0x55555665be40_0, 0;
T_10.3 ;
T_10.1 ;
    %jmp T_10;
    .thread T_10;
    .scope S_0x55555663cc70;
T_11 ;
    %wait E_0x5555565b0710;
    %load/vec4 v0x55555665bfe0_0;
    %flag_set/vec4 8;
    %jmp/0xz  T_11.0, 8;
    %pushi/vec4 0, 0, 1;
    %assign/vec4 v0x55555665c160_0, 0;
    %jmp T_11.1;
T_11.0 ;
    %load/vec4 v0x55555665bf20_0;
    %flag_set/vec4 9;
    %flag_get/vec4 9;
    %jmp/0 T_11.4, 9;
    %load/vec4 v0x55555665c0a0_0;
    %and;
T_11.4;
    %flag_set/vec4 8;
    %jmp/0xz  T_11.2, 8;
    %pushi/vec4 0, 0, 1;
    %assign/vec4 v0x55555665c160_0, 0;
    %jmp T_11.3;
T_11.2 ;
    %load/vec4 v0x55555665bf20_0;
    %flag_set/vec4 8;
    %jmp/0xz  T_11.5, 8;
    %pushi/vec4 1, 0, 1;
    %assign/vec4 v0x55555665c160_0, 0;
T_11.5 ;
T_11.3 ;
T_11.1 ;
    %jmp T_11;
    .thread T_11;
    .scope S_0x5555566404d0;
T_12 ;
    %wait E_0x5555565b0a80;
    %pushi/vec4 0, 0, 32;
    %store/vec4 v0x55555666da80_0, 0, 32;
    %load/vec4 v0x55555666dd80_0;
    %load/vec4 v0x55555666dcb0_0;
    %concat/vec4; draw_concat_vec4
    %dup/vec4;
    %pushi/vec4 1, 0, 2;
    %cmp/u;
    %jmp/1 T_12.0, 6;
    %dup/vec4;
    %pushi/vec4 2, 0, 2;
    %cmp/u;
    %jmp/1 T_12.1, 6;
    %jmp T_12.2;
T_12.0 ;
    %load/vec4 v0x55555666d7e0_0;
    %store/vec4 v0x55555666da80_0, 0, 32;
    %jmp T_12.2;
T_12.1 ;
    %load/vec4 v0x55555666db40_0;
    %store/vec4 v0x55555666da80_0, 0, 32;
    %jmp T_12.2;
T_12.2 ;
    %pop/vec4 1;
    %jmp T_12;
    .thread T_12, $push;
    .scope S_0x55555661a0a0;
T_13 ;
    %delay 5, 0;
    %load/vec4 v0x55555666de50_0;
    %inv;
    %store/vec4 v0x55555666de50_0, 0, 1;
    %jmp T_13;
    .thread T_13;
    .scope S_0x55555661a0a0;
T_14 ;
    %vpi_call 2 17 "$dumpfile", "tb_processor.vcd" {0 0 0};
    %vpi_call 2 18 "$dumpvars", 32'sb00000000000000000000000000000000, S_0x55555661a0a0 {0 0 0};
    %end;
    .thread T_14;
    .scope S_0x55555661a0a0;
T_15 ;
    %delay 1, 0;
    %pushi/vec4 1, 1, 1;
    %assign/vec4 v0x55555666def0_0, 0;
    %pushi/vec4 1, 1, 1;
    %assign/vec4 v0x55555666de50_0, 0;
    %delay 30, 0;
    %pushi/vec4 1, 0, 1;
    %assign/vec4 v0x55555666def0_0, 0;
    %delay 30, 0;
    %pushi/vec4 0, 0, 1;
    %assign/vec4 v0x55555666def0_0, 0;
    %pushi/vec4 0, 0, 1;
    %assign/vec4 v0x55555666de50_0, 0;
    %pushi/vec4 5, 0, 32;
T_15.0 %dup/vec4;
    %pushi/vec4 0, 0, 32;
    %cmp/s;
    %jmp/1xz T_15.1, 5;
    %jmp/1 T_15.1, 4;
    %pushi/vec4 1, 0, 32;
    %sub;
    %wait E_0x5555565b0710;
    %jmp T_15.0;
T_15.1 ;
    %pop/vec4 1;
    %pushi/vec4 1, 0, 1;
    %assign/vec4 v0x55555666def0_0, 0;
    %wait E_0x5555565b0710;
    %pushi/vec4 20000, 0, 32;
T_15.2 %dup/vec4;
    %pushi/vec4 0, 0, 32;
    %cmp/s;
    %jmp/1xz T_15.3, 5;
    %jmp/1 T_15.3, 4;
    %pushi/vec4 1, 0, 32;
    %sub;
    %wait E_0x5555565b0710;
    %jmp T_15.2;
T_15.3 ;
    %pop/vec4 1;
    %vpi_call 2 29 "$finish", 32'sb00000000000000000000000000000010 {0 0 0};
    %end;
    .thread T_15;
# The file index is used to find the file name in the following table.
:file_names 8;
    "N/A";
    "<interactive>";
    "tb_processor.v";
    "src/top.v";
    "src/Memory.v";
    "src/device_select.v";
    "src/gpio_ip.v";
    "src/femtorv32_quark.v";
