#! /home/jjateen/oss_cad/oss-cad-suite/bin/vvp
:ivl_version "13.0 (devel)" "(s20221226-221-g272771d18)";
:ivl_delay_selection "TYPICAL";
:vpi_time_precision + 0;
:vpi_module "/home/jjateen/oss_cad/oss-cad-suite/lib/ivl/system.vpi";
:vpi_module "/home/jjateen/oss_cad/oss-cad-suite/lib/ivl/vhdl_sys.vpi";
:vpi_module "/home/jjateen/oss_cad/oss-cad-suite/lib/ivl/vhdl_textio.vpi";
:vpi_module "/home/jjateen/oss_cad/oss-cad-suite/lib/ivl/v2005_math.vpi";
:vpi_module "/home/jjateen/oss_cad/oss-cad-suite/lib/ivl/va_math.vpi";
S_0x555556bcc850 .scope module, "FemtoRV32" "FemtoRV32" 2 38;
 .timescale 0 0;
    .port_info 0 /INPUT 1 "clk";
    .port_info 1 /OUTPUT 32 "mem_addr";
    .port_info 2 /OUTPUT 32 "mem_wdata";
    .port_info 3 /OUTPUT 4 "mem_wmask";
    .port_info 4 /INPUT 32 "mem_rdata";
    .port_info 5 /OUTPUT 1 "mem_rstrb";
    .port_info 6 /INPUT 1 "mem_rbusy";
    .port_info 7 /INPUT 1 "mem_wbusy";
    .port_info 8 /INPUT 1 "reset";
P_0x555556b66e10 .param/l "ADDR_WIDTH" 0 2 53, +C4<00000000000000000000000000100000>;
P_0x555556b66e50 .param/l "EXECUTE" 1 2 317, +C4<0000000000000000000000000000000100>;
P_0x555556b66e90 .param/l "EXECUTE_bit" 1 2 311, +C4<00000000000000000000000000000010>;
P_0x555556b66ed0 .param/l "FETCH_INSTR" 1 2 315, +C4<00000000000000000000000000000001>;
P_0x555556b66f10 .param/l "FETCH_INSTR_bit" 1 2 309, +C4<00000000000000000000000000000000>;
P_0x555556b66f50 .param/l "NB_STATES" 1 2 313, +C4<00000000000000000000000000000100>;
P_0x555556b66f90 .param/l "RESET_ADDR" 0 2 52, C4<00000000000000000000000000000000>;
P_0x555556b66fd0 .param/l "WAIT_ALU_OR_MEM" 1 2 318, +C4<00000000000000000000000000000001000>;
P_0x555556b67010 .param/l "WAIT_ALU_OR_MEM_bit" 1 2 312, +C4<00000000000000000000000000000011>;
P_0x555556b67050 .param/l "WAIT_INSTR" 1 2 316, +C4<000000000000000000000000000000010>;
P_0x555556b67090 .param/l "WAIT_INSTR_bit" 1 2 310, +C4<00000000000000000000000000000001>;
L_0x555556c04c20 .functor OR 1, L_0x555556c45d70, L_0x555556c46360, C4<0>, C4<0>;
L_0x555556c06050 .functor BUFZ 32, v0x555556c32cd0_0, C4<00000000000000000000000000000000>, C4<00000000000000000000000000000000>, C4<00000000000000000000000000000000>;
L_0x555556c08470 .functor OR 1, L_0x555556c46360, L_0x555556c47360, C4<0>, C4<0>;
L_0x555556b66da0 .functor NOT 32, L_0x555556c47740, C4<00000000000000000000000000000000>, C4<00000000000000000000000000000000>, C4<00000000000000000000000000000000>;
L_0x555556c47f60 .functor XOR 1, L_0x555556c48390, L_0x555556c485f0, C4<0>, C4<0>;
L_0x555556c498b0 .functor AND 1, L_0x555556c49560, L_0x555556c49600, C4<1>, C4<1>;
L_0x555556c4a7f0 .functor OR 32, L_0x555556c49e80, L_0x555556c4a420, C4<00000000000000000000000000000000>, C4<00000000000000000000000000000000>;
L_0x555556c4ae70 .functor OR 32, L_0x555556c4a7f0, L_0x555556c4ace0, C4<00000000000000000000000000000000>, C4<00000000000000000000000000000000>;
L_0x555556c4b2d0 .functor XOR 32, L_0x555556c06050, L_0x555556c47740, C4<00000000000000000000000000000000>, C4<00000000000000000000000000000000>;
L_0x555556c4b4d0 .functor OR 32, L_0x555556c4ae70, L_0x555556c4b340, C4<00000000000000000000000000000000>, C4<00000000000000000000000000000000>;
L_0x555556c4b950 .functor OR 32, L_0x555556c06050, L_0x555556c47740, C4<00000000000000000000000000000000>, C4<00000000000000000000000000000000>;
L_0x555556c4bb00 .functor OR 32, L_0x555556c4b4d0, L_0x555556c4b9c0, C4<00000000000000000000000000000000>, C4<00000000000000000000000000000000>;
L_0x555556c4bfa0 .functor AND 32, L_0x555556c06050, L_0x555556c47740, C4<11111111111111111111111111111111>, C4<11111111111111111111111111111111>;
L_0x555556c4c1a0 .functor OR 32, L_0x555556c4bb00, L_0x555556c4c010, C4<00000000000000000000000000000000>, C4<00000000000000000000000000000000>;
L_0x555556c4bc10 .functor OR 32, L_0x555556c4c1a0, L_0x555556c4c330, C4<00000000000000000000000000000000>, C4<00000000000000000000000000000000>;
L_0x555556c4cc40 .functor OR 1, L_0x555556c4c750, L_0x555556c4c900, C4<0>, C4<0>;
L_0x555556c4ced0 .functor AND 1, L_0x555556c4ce30, L_0x555556c49150, C4<1>, C4<1>;
L_0x555556c4d3d0 .functor AND 1, L_0x555556c4cfe0, L_0x555556c4d330, C4<1>, C4<1>;
L_0x555556c4d580 .functor OR 1, L_0x555556c4ced0, L_0x555556c4d3d0, C4<0>, C4<0>;
L_0x555556c4d9f0 .functor AND 1, L_0x555556c4d690, L_0x555556c48a20, C4<1>, C4<1>;
L_0x555556c4db60 .functor OR 1, L_0x555556c4d580, L_0x555556c4d9f0, C4<0>, C4<0>;
L_0x555556c4dfe0 .functor AND 1, L_0x555556c4d4e0, L_0x555556c4dc70, C4<1>, C4<1>;
L_0x555556c4e160 .functor OR 1, L_0x555556c4db60, L_0x555556c4dfe0, C4<0>, C4<0>;
L_0x555556c4e310 .functor AND 1, L_0x555556c4e270, L_0x555556c48d90, C4<1>, C4<1>;
L_0x555556c4e4a0 .functor OR 1, L_0x555556c4e160, L_0x555556c4e310, C4<0>, C4<0>;
L_0x555556c4e9d0 .functor AND 1, L_0x555556c4e5b0, L_0x555556c4e930, C4<1>, C4<1>;
L_0x555556c4eb70 .functor OR 1, L_0x555556c4e4a0, L_0x555556c4e9d0, C4<0>, C4<0>;
L_0x555556c4ed20 .functor OR 1, L_0x555556c505f0, L_0x555556c50690, C4<0>, C4<0>;
L_0x555556c51360 .functor OR 32, L_0x555556c50d90, L_0x555556c51220, C4<00000000000000000000000000000000>, C4<00000000000000000000000000000000>;
L_0x555556c51960 .functor OR 32, L_0x555556c51360, L_0x555556c51470, C4<00000000000000000000000000000000>, C4<00000000000000000000000000000000>;
L_0x555556c51d00 .functor OR 32, L_0x555556c51960, L_0x555556c51b70, C4<00000000000000000000000000000000>, C4<00000000000000000000000000000000>;
L_0x555556c51e10 .functor OR 1, L_0x555556c46970, L_0x555556c46790, C4<0>, C4<0>;
L_0x555556c52530 .functor OR 32, L_0x555556c51d00, L_0x555556c52030, C4<00000000000000000000000000000000>, C4<00000000000000000000000000000000>;
L_0x555556c52780 .functor OR 32, L_0x555556c52530, L_0x555556c52640, C4<00000000000000000000000000000000>, C4<00000000000000000000000000000000>;
L_0x555556c543f0 .functor AND 1, L_0x555556c538c0, L_0x555556c53ea0, C4<1>, C4<1>;
L_0x555556c584b0 .functor OR 1, L_0x555556c47360, L_0x555556c46060, C4<0>, C4<0>;
L_0x555556c58de0 .functor NOT 1, L_0x555556c584b0, C4<0>, C4<0>, C4<0>;
L_0x555556c58850 .functor OR 1, L_0x555556c58e50, L_0x555556c587b0, C4<0>, C4<0>;
L_0x555556c58a50 .functor AND 1, L_0x555556c58de0, L_0x555556c58850, C4<1>, C4<1>;
L_0x555556c58c00 .functor AND 1, L_0x555556c58b60, L_0x555556c45a90, C4<1>, C4<1>;
L_0x555556c58d60 .functor OR 1, L_0x555556c58c00, L_0x555556c58cc0, C4<0>, C4<0>;
L_0x555556c58ef0 .functor AND 1, L_0x555556c59600, L_0x555556c46060, C4<1>, C4<1>;
L_0x555556c59290 .functor AND 4, L_0x555556c59110, L_0x555556c583c0, C4<1111>, C4<1111>;
L_0x555556c596a0 .functor AND 1, L_0x555556c59350, L_0x555556c04c20, C4<1>, C4<1>;
L_0x555556c598d0 .functor AND 1, L_0x555556c47360, L_0x555556c4eb70, C4<1>, C4<1>;
L_0x555556c59940 .functor OR 1, L_0x555556c46790, L_0x555556c598d0, C4<0>, C4<0>;
L_0x555556c5a220 .functor OR 1, L_0x555556c45a90, L_0x555556c46060, C4<0>, C4<0>;
L_0x555556c5a3b0 .functor AND 1, L_0x555556c04c20, L_0x555556c4cc40, C4<1>, C4<1>;
L_0x555556c5a4b0 .functor OR 1, L_0x555556c5a220, L_0x555556c5a3b0, C4<0>, C4<0>;
v0x555556bc39b0_0 .net "Bimm", 31 0, L_0x555556c44a20;  1 drivers
v0x555556bb7b60_0 .net "EQ", 0 0, L_0x555556c49150;  1 drivers
v0x555556babdc0_0 .net "Iimm", 31 0, L_0x555556c43a60;  1 drivers
v0x555556c04d30_0 .net "Jimm", 31 0, L_0x555556c456a0;  1 drivers
v0x555556c06120_0 .net "LOAD_byte", 7 0, L_0x555556c56de0;  1 drivers
v0x555556c06450_0 .net "LOAD_data", 31 0, L_0x555556c55570;  1 drivers
v0x555556c23650_0 .net "LOAD_halfword", 15 0, L_0x555556c56120;  1 drivers
v0x555556c23730_0 .net "LOAD_sign", 0 0, L_0x555556c543f0;  1 drivers
v0x555556c237f0_0 .net "LT", 0 0, L_0x555556c48a20;  1 drivers
v0x555556c238b0_0 .net "LTU", 0 0, L_0x555556c48d90;  1 drivers
v0x555556c23970_0 .var "PC", 31 0;
v0x555556c23a50_0 .net "PCplus4", 31 0, L_0x555556c4ec80;  1 drivers
v0x555556c23b30_0 .net "PCplusImm", 31 0, L_0x555556c4fb40;  1 drivers
v0x555556c23c10_0 .net "STORE_wmask", 3 0, L_0x555556c583c0;  1 drivers
v0x555556c23cf0_0 .net "Simm", 31 0, L_0x555556c441f0;  1 drivers
v0x555556c23dd0_0 .net "Uimm", 31 0, L_0x555556c43600;  1 drivers
v0x555556c23eb0_0 .net *"_ivl_101", 4 0, L_0x555556c46c00;  1 drivers
L_0x7f5d81ec32e8 .functor BUFT 1, C4<01101>, C4<0>, C4<0>, C4<0>;
v0x555556c23f90_0 .net/2u *"_ivl_102", 4 0, L_0x7f5d81ec32e8;  1 drivers
v0x555556c24070_0 .net *"_ivl_107", 4 0, L_0x555556c46f40;  1 drivers
L_0x7f5d81ec3330 .functor BUFT 1, C4<00101>, C4<0>, C4<0>, C4<0>;
v0x555556c24150_0 .net/2u *"_ivl_108", 4 0, L_0x7f5d81ec3330;  1 drivers
v0x555556c24230_0 .net *"_ivl_11", 18 0, L_0x555556c33520;  1 drivers
v0x555556c24310_0 .net *"_ivl_113", 4 0, L_0x555556c472c0;  1 drivers
L_0x7f5d81ec3378 .functor BUFT 1, C4<11000>, C4<0>, C4<0>, C4<0>;
v0x555556c243f0_0 .net/2u *"_ivl_114", 4 0, L_0x7f5d81ec3378;  1 drivers
L_0x7f5d81ec3060 .functor BUFT 1, C4<000000000000>, C4<0>, C4<0>, C4<0>;
v0x555556c244d0_0 .net/2u *"_ivl_12", 11 0, L_0x7f5d81ec3060;  1 drivers
v0x555556c245b0_0 .net *"_ivl_122", 0 0, L_0x555556c08470;  1 drivers
L_0x7f5d81ec33c0 .functor BUFT 1, C4<1>, C4<0>, C4<0>, C4<0>;
v0x555556c24690_0 .net/2u *"_ivl_130", 0 0, L_0x7f5d81ec33c0;  1 drivers
v0x555556c24770_0 .net *"_ivl_132", 31 0, L_0x555556b66da0;  1 drivers
v0x555556c24850_0 .net *"_ivl_134", 32 0, L_0x555556c47c50;  1 drivers
L_0x7f5d81ec3408 .functor BUFT 1, C4<0>, C4<0>, C4<0>, C4<0>;
v0x555556c24930_0 .net/2u *"_ivl_136", 0 0, L_0x7f5d81ec3408;  1 drivers
v0x555556c24a10_0 .net *"_ivl_138", 32 0, L_0x555556c47920;  1 drivers
v0x555556c24af0_0 .net *"_ivl_140", 32 0, L_0x555556c47a10;  1 drivers
L_0x7f5d81ec3450 .functor BUFT 1, C4<000000000000000000000000000000001>, C4<0>, C4<0>, C4<0>;
v0x555556c24bd0_0 .net/2u *"_ivl_142", 32 0, L_0x7f5d81ec3450;  1 drivers
v0x555556c24cb0_0 .net *"_ivl_147", 0 0, L_0x555556c48390;  1 drivers
v0x555556c24fa0_0 .net *"_ivl_149", 0 0, L_0x555556c485f0;  1 drivers
v0x555556c25080_0 .net *"_ivl_150", 0 0, L_0x555556c47f60;  1 drivers
v0x555556c25160_0 .net *"_ivl_153", 0 0, L_0x555556c486c0;  1 drivers
v0x555556c25240_0 .net *"_ivl_155", 0 0, L_0x555556c48930;  1 drivers
v0x555556c25320_0 .net *"_ivl_161", 31 0, L_0x555556c48e30;  1 drivers
L_0x7f5d81ec3498 .functor BUFT 1, C4<00000000000000000000000000000000>, C4<0>, C4<0>, C4<0>;
v0x555556c25400_0 .net/2u *"_ivl_162", 31 0, L_0x7f5d81ec3498;  1 drivers
v0x555556c254e0_0 .net *"_ivl_167", 0 0, L_0x555556c49270;  1 drivers
v0x555556c255c0_0 .net *"_ivl_169", 0 0, L_0x555556c49560;  1 drivers
v0x555556c256a0_0 .net *"_ivl_17", 0 0, L_0x555556c437e0;  1 drivers
v0x555556c25780_0 .net *"_ivl_171", 0 0, L_0x555556c49600;  1 drivers
v0x555556c25860_0 .net *"_ivl_172", 0 0, L_0x555556c498b0;  1 drivers
v0x555556c25940_0 .net *"_ivl_175", 31 0, L_0x555556c49a30;  1 drivers
v0x555556c25a20_0 .net *"_ivl_176", 31 0, L_0x555556c49ad0;  1 drivers
L_0x7f5d81ec34e0 .functor BUFT 1, C4<00000000000000000000000000000000>, C4<0>, C4<0>, C4<0>;
v0x555556c25b00_0 .net/2u *"_ivl_178", 31 0, L_0x7f5d81ec34e0;  1 drivers
v0x555556c25be0_0 .net *"_ivl_18", 20 0, L_0x555556c43880;  1 drivers
v0x555556c25cc0_0 .net *"_ivl_180", 31 0, L_0x555556c49e80;  1 drivers
v0x555556c25da0_0 .net *"_ivl_183", 0 0, L_0x555556c4a010;  1 drivers
L_0x7f5d81ec3528 .functor BUFT 1, C4<0000000000000000000000000000000>, C4<0>, C4<0>, C4<0>;
v0x555556c25e80_0 .net/2u *"_ivl_184", 30 0, L_0x7f5d81ec3528;  1 drivers
v0x555556c25f60_0 .net *"_ivl_186", 31 0, L_0x555556c4a2e0;  1 drivers
L_0x7f5d81ec3570 .functor BUFT 1, C4<00000000000000000000000000000000>, C4<0>, C4<0>, C4<0>;
v0x555556c26040_0 .net/2u *"_ivl_188", 31 0, L_0x7f5d81ec3570;  1 drivers
v0x555556c26120_0 .net *"_ivl_190", 31 0, L_0x555556c4a420;  1 drivers
v0x555556c26200_0 .net *"_ivl_192", 31 0, L_0x555556c4a7f0;  1 drivers
v0x555556c262e0_0 .net *"_ivl_195", 0 0, L_0x555556c4a900;  1 drivers
L_0x7f5d81ec35b8 .functor BUFT 1, C4<0000000000000000000000000000000>, C4<0>, C4<0>, C4<0>;
v0x555556c263c0_0 .net/2u *"_ivl_196", 30 0, L_0x7f5d81ec35b8;  1 drivers
v0x555556c264a0_0 .net *"_ivl_198", 31 0, L_0x555556c4a9a0;  1 drivers
L_0x7f5d81ec3018 .functor BUFT 1, C4<00000001>, C4<0>, C4<0>, C4<0>;
v0x555556c26580_0 .net/2u *"_ivl_2", 7 0, L_0x7f5d81ec3018;  1 drivers
L_0x7f5d81ec3600 .functor BUFT 1, C4<00000000000000000000000000000000>, C4<0>, C4<0>, C4<0>;
v0x555556c26660_0 .net/2u *"_ivl_200", 31 0, L_0x7f5d81ec3600;  1 drivers
v0x555556c26740_0 .net *"_ivl_202", 31 0, L_0x555556c4ace0;  1 drivers
v0x555556c26820_0 .net *"_ivl_204", 31 0, L_0x555556c4ae70;  1 drivers
v0x555556c26900_0 .net *"_ivl_207", 0 0, L_0x555556c4afd0;  1 drivers
v0x555556c269e0_0 .net *"_ivl_208", 31 0, L_0x555556c4b2d0;  1 drivers
v0x555556c26ac0_0 .net *"_ivl_21", 10 0, L_0x555556c439c0;  1 drivers
L_0x7f5d81ec3648 .functor BUFT 1, C4<00000000000000000000000000000000>, C4<0>, C4<0>, C4<0>;
v0x555556c26fb0_0 .net/2u *"_ivl_210", 31 0, L_0x7f5d81ec3648;  1 drivers
v0x555556c27090_0 .net *"_ivl_212", 31 0, L_0x555556c4b340;  1 drivers
v0x555556c27170_0 .net *"_ivl_214", 31 0, L_0x555556c4b4d0;  1 drivers
v0x555556c27250_0 .net *"_ivl_217", 0 0, L_0x555556c4b640;  1 drivers
v0x555556c27330_0 .net *"_ivl_218", 31 0, L_0x555556c4b950;  1 drivers
L_0x7f5d81ec3690 .functor BUFT 1, C4<00000000000000000000000000000000>, C4<0>, C4<0>, C4<0>;
v0x555556c27410_0 .net/2u *"_ivl_220", 31 0, L_0x7f5d81ec3690;  1 drivers
v0x555556c274f0_0 .net *"_ivl_222", 31 0, L_0x555556c4b9c0;  1 drivers
v0x555556c275d0_0 .net *"_ivl_224", 31 0, L_0x555556c4bb00;  1 drivers
v0x555556c276b0_0 .net *"_ivl_227", 0 0, L_0x555556c4bc80;  1 drivers
v0x555556c27790_0 .net *"_ivl_228", 31 0, L_0x555556c4bfa0;  1 drivers
L_0x7f5d81ec36d8 .functor BUFT 1, C4<00000000000000000000000000000000>, C4<0>, C4<0>, C4<0>;
v0x555556c27870_0 .net/2u *"_ivl_230", 31 0, L_0x7f5d81ec36d8;  1 drivers
v0x555556c27950_0 .net *"_ivl_232", 31 0, L_0x555556c4c010;  1 drivers
v0x555556c27a30_0 .net *"_ivl_234", 31 0, L_0x555556c4c1a0;  1 drivers
L_0x7f5d81ec3720 .functor BUFT 1, C4<00000000000000000000000000000000>, C4<0>, C4<0>, C4<0>;
v0x555556c27b10_0 .net/2u *"_ivl_236", 31 0, L_0x7f5d81ec3720;  1 drivers
v0x555556c27bf0_0 .net *"_ivl_238", 31 0, L_0x555556c4c330;  1 drivers
v0x555556c27cd0_0 .net *"_ivl_243", 0 0, L_0x555556c4c750;  1 drivers
v0x555556c27db0_0 .net *"_ivl_245", 0 0, L_0x555556c4c900;  1 drivers
v0x555556c27e90_0 .net *"_ivl_249", 0 0, L_0x555556c4ce30;  1 drivers
v0x555556c27f70_0 .net *"_ivl_25", 0 0, L_0x555556c43bb0;  1 drivers
v0x555556c28050_0 .net *"_ivl_250", 0 0, L_0x555556c4ced0;  1 drivers
v0x555556c28130_0 .net *"_ivl_253", 0 0, L_0x555556c4cfe0;  1 drivers
v0x555556c28210_0 .net *"_ivl_255", 0 0, L_0x555556c4d330;  1 drivers
v0x555556c282d0_0 .net *"_ivl_256", 0 0, L_0x555556c4d3d0;  1 drivers
v0x555556c283b0_0 .net *"_ivl_258", 0 0, L_0x555556c4d580;  1 drivers
v0x555556c28490_0 .net *"_ivl_26", 20 0, L_0x555556c43c50;  1 drivers
v0x555556c28570_0 .net *"_ivl_261", 0 0, L_0x555556c4d690;  1 drivers
v0x555556c28650_0 .net *"_ivl_262", 0 0, L_0x555556c4d9f0;  1 drivers
v0x555556c28730_0 .net *"_ivl_264", 0 0, L_0x555556c4db60;  1 drivers
v0x555556c28810_0 .net *"_ivl_267", 0 0, L_0x555556c4d4e0;  1 drivers
v0x555556c288f0_0 .net *"_ivl_269", 0 0, L_0x555556c4dc70;  1 drivers
v0x555556c289b0_0 .net *"_ivl_270", 0 0, L_0x555556c4dfe0;  1 drivers
v0x555556c28a90_0 .net *"_ivl_272", 0 0, L_0x555556c4e160;  1 drivers
v0x555556c28b70_0 .net *"_ivl_275", 0 0, L_0x555556c4e270;  1 drivers
v0x555556c28c50_0 .net *"_ivl_276", 0 0, L_0x555556c4e310;  1 drivers
v0x555556c28d30_0 .net *"_ivl_278", 0 0, L_0x555556c4e4a0;  1 drivers
v0x555556c28e10_0 .net *"_ivl_281", 0 0, L_0x555556c4e5b0;  1 drivers
v0x555556c28ef0_0 .net *"_ivl_283", 0 0, L_0x555556c4e930;  1 drivers
v0x555556c28fb0_0 .net *"_ivl_284", 0 0, L_0x555556c4e9d0;  1 drivers
L_0x7f5d81ec3768 .functor BUFT 1, C4<00000000000000000000000000000100>, C4<0>, C4<0>, C4<0>;
v0x555556c29090_0 .net/2u *"_ivl_288", 31 0, L_0x7f5d81ec3768;  1 drivers
v0x555556c29170_0 .net *"_ivl_29", 5 0, L_0x555556c44030;  1 drivers
v0x555556c29250_0 .net *"_ivl_293", 0 0, L_0x555556c4f0d0;  1 drivers
v0x555556c29330_0 .net *"_ivl_295", 0 0, L_0x555556c4f170;  1 drivers
v0x555556c29410_0 .net *"_ivl_296", 31 0, L_0x555556c4f510;  1 drivers
v0x555556c294f0_0 .net *"_ivl_298", 31 0, L_0x555556c4f6a0;  1 drivers
v0x555556c295d0_0 .net *"_ivl_303", 0 0, L_0x555556c4fc80;  1 drivers
v0x555556c296b0_0 .net *"_ivl_304", 31 0, L_0x555556c50040;  1 drivers
v0x555556c29790_0 .net *"_ivl_309", 0 0, L_0x555556c505f0;  1 drivers
v0x555556c29870_0 .net *"_ivl_31", 4 0, L_0x555556c440d0;  1 drivers
v0x555556c29950_0 .net *"_ivl_311", 0 0, L_0x555556c50690;  1 drivers
v0x555556c29a30_0 .net *"_ivl_312", 0 0, L_0x555556c4ed20;  1 drivers
L_0x7f5d81ec37b0 .functor BUFT 1, C4<00000000000000000000000000000000>, C4<0>, C4<0>, C4<0>;
v0x555556c29b10_0 .net/2u *"_ivl_316", 31 0, L_0x7f5d81ec37b0;  1 drivers
v0x555556c29bf0_0 .net *"_ivl_318", 31 0, L_0x555556c50d90;  1 drivers
L_0x7f5d81ec37f8 .functor BUFT 1, C4<00000000000000000000000000000000>, C4<0>, C4<0>, C4<0>;
v0x555556c29cd0_0 .net/2u *"_ivl_320", 31 0, L_0x7f5d81ec37f8;  1 drivers
v0x555556c29db0_0 .net *"_ivl_322", 31 0, L_0x555556c51220;  1 drivers
v0x555556c29e90_0 .net *"_ivl_324", 31 0, L_0x555556c51360;  1 drivers
L_0x7f5d81ec3840 .functor BUFT 1, C4<00000000000000000000000000000000>, C4<0>, C4<0>, C4<0>;
v0x555556c29f70_0 .net/2u *"_ivl_326", 31 0, L_0x7f5d81ec3840;  1 drivers
v0x555556c2a050_0 .net *"_ivl_328", 31 0, L_0x555556c51470;  1 drivers
v0x555556c2a130_0 .net *"_ivl_330", 31 0, L_0x555556c51960;  1 drivers
L_0x7f5d81ec3888 .functor BUFT 1, C4<00000000000000000000000000000000>, C4<0>, C4<0>, C4<0>;
v0x555556c2a210_0 .net/2u *"_ivl_332", 31 0, L_0x7f5d81ec3888;  1 drivers
v0x555556c2a2f0_0 .net *"_ivl_334", 31 0, L_0x555556c51b70;  1 drivers
v0x555556c2a3d0_0 .net *"_ivl_336", 31 0, L_0x555556c51d00;  1 drivers
v0x555556c2a4b0_0 .net *"_ivl_338", 0 0, L_0x555556c51e10;  1 drivers
L_0x7f5d81ec38d0 .functor BUFT 1, C4<00000000000000000000000000000000>, C4<0>, C4<0>, C4<0>;
v0x555556c2a590_0 .net/2u *"_ivl_340", 31 0, L_0x7f5d81ec38d0;  1 drivers
v0x555556c2a670_0 .net *"_ivl_342", 31 0, L_0x555556c52030;  1 drivers
v0x555556c2af60_0 .net *"_ivl_344", 31 0, L_0x555556c52530;  1 drivers
L_0x7f5d81ec3918 .functor BUFT 1, C4<00000000000000000000000000000000>, C4<0>, C4<0>, C4<0>;
v0x555556c2b040_0 .net/2u *"_ivl_346", 31 0, L_0x7f5d81ec3918;  1 drivers
v0x555556c2b120_0 .net *"_ivl_348", 31 0, L_0x555556c52640;  1 drivers
v0x555556c2b200_0 .net *"_ivl_35", 0 0, L_0x555556c44390;  1 drivers
v0x555556c2b2e0_0 .net *"_ivl_353", 1 0, L_0x555556c529b0;  1 drivers
L_0x7f5d81ec3960 .functor BUFT 1, C4<00>, C4<0>, C4<0>, C4<0>;
v0x555556c2b3c0_0 .net/2u *"_ivl_354", 1 0, L_0x7f5d81ec3960;  1 drivers
v0x555556c2b4a0_0 .net *"_ivl_359", 1 0, L_0x555556c52f10;  1 drivers
v0x555556c2b580_0 .net *"_ivl_36", 19 0, L_0x555556c444c0;  1 drivers
L_0x7f5d81ec39a8 .functor BUFT 1, C4<01>, C4<0>, C4<0>, C4<0>;
v0x555556c2b660_0 .net/2u *"_ivl_360", 1 0, L_0x7f5d81ec39a8;  1 drivers
v0x555556c2b740_0 .net *"_ivl_365", 0 0, L_0x555556c53480;  1 drivers
v0x555556c2b820_0 .net *"_ivl_367", 0 0, L_0x555556c538c0;  1 drivers
v0x555556c2b8e0_0 .net *"_ivl_369", 0 0, L_0x555556c539b0;  1 drivers
v0x555556c2b9c0_0 .net *"_ivl_371", 0 0, L_0x555556c53e00;  1 drivers
v0x555556c2baa0_0 .net *"_ivl_372", 0 0, L_0x555556c53ea0;  1 drivers
v0x555556c2bb80_0 .net *"_ivl_376", 23 0, L_0x555556c54500;  1 drivers
v0x555556c2bc60_0 .net *"_ivl_378", 31 0, L_0x555556c545f0;  1 drivers
v0x555556c2bd40_0 .net *"_ivl_380", 15 0, L_0x555556c54ab0;  1 drivers
v0x555556c2be20_0 .net *"_ivl_382", 31 0, L_0x555556c54f60;  1 drivers
v0x555556c2bf00_0 .net *"_ivl_384", 31 0, L_0x555556c55430;  1 drivers
v0x555556c2bfe0_0 .net *"_ivl_389", 0 0, L_0x555556c55af0;  1 drivers
v0x555556c2c0c0_0 .net *"_ivl_39", 0 0, L_0x555556c44980;  1 drivers
v0x555556c2c1a0_0 .net *"_ivl_391", 15 0, L_0x555556c55b90;  1 drivers
v0x555556c2c280_0 .net *"_ivl_393", 15 0, L_0x555556c56080;  1 drivers
v0x555556c2c360_0 .net *"_ivl_397", 0 0, L_0x555556c566c0;  1 drivers
v0x555556c2c440_0 .net *"_ivl_399", 7 0, L_0x555556c567f0;  1 drivers
v0x555556c2c520_0 .net *"_ivl_401", 7 0, L_0x555556c56d40;  1 drivers
v0x555556c2c600_0 .net *"_ivl_407", 7 0, L_0x555556c569c0;  1 drivers
v0x555556c2c6e0_0 .net *"_ivl_41", 5 0, L_0x555556c44ac0;  1 drivers
v0x555556c2c7c0_0 .net *"_ivl_411", 0 0, L_0x555556c56ab0;  1 drivers
v0x555556c2c8a0_0 .net *"_ivl_413", 7 0, L_0x555556c56b50;  1 drivers
v0x555556c2c980_0 .net *"_ivl_415", 7 0, L_0x555556c56bf0;  1 drivers
v0x555556c2ca60_0 .net *"_ivl_416", 7 0, L_0x555556c572d0;  1 drivers
v0x555556c2cb40_0 .net *"_ivl_421", 0 0, L_0x555556c57410;  1 drivers
v0x555556c2cc20_0 .net *"_ivl_423", 7 0, L_0x555556c56e80;  1 drivers
v0x555556c2cd00_0 .net *"_ivl_425", 7 0, L_0x555556c56f20;  1 drivers
v0x555556c2cde0_0 .net *"_ivl_426", 7 0, L_0x555556c56fc0;  1 drivers
v0x555556c2cec0_0 .net *"_ivl_43", 3 0, L_0x555556c44b60;  1 drivers
v0x555556c2cfa0_0 .net *"_ivl_432", 0 0, L_0x555556c574b0;  1 drivers
v0x555556c2d080_0 .net *"_ivl_434", 7 0, L_0x555556c57550;  1 drivers
v0x555556c2d160_0 .net *"_ivl_436", 0 0, L_0x555556c575f0;  1 drivers
v0x555556c2d240_0 .net *"_ivl_438", 7 0, L_0x555556c57690;  1 drivers
L_0x7f5d81ec30a8 .functor BUFT 1, C4<0>, C4<0>, C4<0>, C4<0>;
v0x555556c2d320_0 .net/2u *"_ivl_44", 0 0, L_0x7f5d81ec30a8;  1 drivers
v0x555556c2d400_0 .net *"_ivl_440", 7 0, L_0x555556c57730;  1 drivers
v0x555556c2d4e0_0 .net *"_ivl_441", 7 0, L_0x555556c577d0;  1 drivers
v0x555556c2d5c0_0 .net *"_ivl_443", 7 0, L_0x555556c57e70;  1 drivers
v0x555556c2d6a0_0 .net *"_ivl_446", 0 0, L_0x555556c58050;  1 drivers
v0x555556c2d780_0 .net *"_ivl_448", 0 0, L_0x555556c57970;  1 drivers
L_0x7f5d81ec39f0 .functor BUFT 1, C4<1000>, C4<0>, C4<0>, C4<0>;
v0x555556c2d860_0 .net/2u *"_ivl_449", 3 0, L_0x7f5d81ec39f0;  1 drivers
L_0x7f5d81ec3a38 .functor BUFT 1, C4<0100>, C4<0>, C4<0>, C4<0>;
v0x555556c2d940_0 .net/2u *"_ivl_451", 3 0, L_0x7f5d81ec3a38;  1 drivers
v0x555556c2da20_0 .net *"_ivl_453", 3 0, L_0x555556c57a10;  1 drivers
v0x555556c2db00_0 .net *"_ivl_456", 0 0, L_0x555556c57ba0;  1 drivers
L_0x7f5d81ec3a80 .functor BUFT 1, C4<0010>, C4<0>, C4<0>, C4<0>;
v0x555556c2dbe0_0 .net/2u *"_ivl_457", 3 0, L_0x7f5d81ec3a80;  1 drivers
L_0x7f5d81ec3ac8 .functor BUFT 1, C4<0001>, C4<0>, C4<0>, C4<0>;
v0x555556c2dcc0_0 .net/2u *"_ivl_459", 3 0, L_0x7f5d81ec3ac8;  1 drivers
v0x555556c2dda0_0 .net *"_ivl_461", 3 0, L_0x555556c57c40;  1 drivers
v0x555556c2de80_0 .net *"_ivl_463", 3 0, L_0x555556c585d0;  1 drivers
v0x555556c2df60_0 .net *"_ivl_466", 0 0, L_0x555556c58710;  1 drivers
L_0x7f5d81ec3b10 .functor BUFT 1, C4<1100>, C4<0>, C4<0>, C4<0>;
v0x555556c2e040_0 .net/2u *"_ivl_467", 3 0, L_0x7f5d81ec3b10;  1 drivers
L_0x7f5d81ec3b58 .functor BUFT 1, C4<0011>, C4<0>, C4<0>, C4<0>;
v0x555556c2e120_0 .net/2u *"_ivl_469", 3 0, L_0x7f5d81ec3b58;  1 drivers
v0x555556c2e200_0 .net *"_ivl_471", 3 0, L_0x555556c580f0;  1 drivers
L_0x7f5d81ec3ba0 .functor BUFT 1, C4<1111>, C4<0>, C4<0>, C4<0>;
v0x555556c2e2e0_0 .net/2u *"_ivl_473", 3 0, L_0x7f5d81ec3ba0;  1 drivers
v0x555556c2e3c0_0 .net *"_ivl_475", 3 0, L_0x555556c58280;  1 drivers
v0x555556c2e4a0_0 .net *"_ivl_479", 0 0, L_0x555556c584b0;  1 drivers
v0x555556c2e580_0 .net *"_ivl_481", 0 0, L_0x555556c58de0;  1 drivers
v0x555556c2e660_0 .net *"_ivl_484", 0 0, L_0x555556c58e50;  1 drivers
v0x555556c2e740_0 .net *"_ivl_486", 0 0, L_0x555556c587b0;  1 drivers
v0x555556c2e820_0 .net *"_ivl_487", 0 0, L_0x555556c58850;  1 drivers
v0x555556c2e900_0 .net *"_ivl_49", 0 0, L_0x555556c44eb0;  1 drivers
v0x555556c2e9e0_0 .net *"_ivl_492", 0 0, L_0x555556c58b60;  1 drivers
v0x555556c2eac0_0 .net *"_ivl_493", 0 0, L_0x555556c58c00;  1 drivers
v0x555556c2eba0_0 .net *"_ivl_496", 0 0, L_0x555556c58cc0;  1 drivers
v0x555556c2ec80_0 .net *"_ivl_5", 2 0, L_0x555556c33270;  1 drivers
v0x555556c2ed60_0 .net *"_ivl_50", 11 0, L_0x555556c45010;  1 drivers
v0x555556c2ee40_0 .net *"_ivl_500", 0 0, L_0x555556c59600;  1 drivers
v0x555556c2ef20_0 .net *"_ivl_501", 0 0, L_0x555556c58ef0;  1 drivers
v0x555556c2f000_0 .net *"_ivl_503", 3 0, L_0x555556c59110;  1 drivers
v0x555556c2f0e0_0 .net *"_ivl_508", 0 0, L_0x555556c59350;  1 drivers
v0x555556c2f1c0_0 .net *"_ivl_511", 0 0, L_0x555556c598d0;  1 drivers
v0x555556c2f2a0_0 .net *"_ivl_515", 0 0, L_0x555556c5a220;  1 drivers
v0x555556c2f380_0 .net *"_ivl_517", 0 0, L_0x555556c5a3b0;  1 drivers
v0x555556c2f460_0 .net *"_ivl_53", 7 0, L_0x555556c45100;  1 drivers
v0x555556c2f540_0 .net *"_ivl_55", 0 0, L_0x555556c45270;  1 drivers
v0x555556c2f620_0 .net *"_ivl_57", 9 0, L_0x555556c45520;  1 drivers
L_0x7f5d81ec30f0 .functor BUFT 1, C4<0>, C4<0>, C4<0>, C4<0>;
v0x555556c2f700_0 .net/2u *"_ivl_58", 0 0, L_0x7f5d81ec30f0;  1 drivers
v0x555556c2f7e0_0 .net *"_ivl_63", 4 0, L_0x555556c458b0;  1 drivers
L_0x7f5d81ec3138 .functor BUFT 1, C4<00000>, C4<0>, C4<0>, C4<0>;
v0x555556c2f8c0_0 .net/2u *"_ivl_64", 4 0, L_0x7f5d81ec3138;  1 drivers
v0x555556c2f9a0_0 .net *"_ivl_69", 4 0, L_0x555556c45bd0;  1 drivers
L_0x7f5d81ec3180 .functor BUFT 1, C4<00100>, C4<0>, C4<0>, C4<0>;
v0x555556c2fa80_0 .net/2u *"_ivl_70", 4 0, L_0x7f5d81ec3180;  1 drivers
v0x555556c2fb60_0 .net *"_ivl_75", 4 0, L_0x555556c45eb0;  1 drivers
L_0x7f5d81ec31c8 .functor BUFT 1, C4<01000>, C4<0>, C4<0>, C4<0>;
v0x555556c2fc40_0 .net/2u *"_ivl_76", 4 0, L_0x7f5d81ec31c8;  1 drivers
v0x555556c2fd20_0 .net *"_ivl_81", 4 0, L_0x555556c461a0;  1 drivers
L_0x7f5d81ec3210 .functor BUFT 1, C4<01100>, C4<0>, C4<0>, C4<0>;
v0x555556c2fe00_0 .net/2u *"_ivl_82", 4 0, L_0x7f5d81ec3210;  1 drivers
v0x555556c2fee0_0 .net *"_ivl_87", 4 0, L_0x555556c464a0;  1 drivers
L_0x7f5d81ec3258 .functor BUFT 1, C4<11100>, C4<0>, C4<0>, C4<0>;
v0x555556c2ffc0_0 .net/2u *"_ivl_88", 4 0, L_0x7f5d81ec3258;  1 drivers
v0x555556c300a0_0 .net *"_ivl_9", 0 0, L_0x555556c33450;  1 drivers
v0x555556c30180_0 .net *"_ivl_95", 4 0, L_0x555556c46540;  1 drivers
L_0x7f5d81ec32a0 .functor BUFT 1, C4<11001>, C4<0>, C4<0>, C4<0>;
v0x555556c30260_0 .net/2u *"_ivl_96", 4 0, L_0x7f5d81ec32a0;  1 drivers
v0x555556c30340_0 .net "aluBusy", 0 0, L_0x555556c47880;  1 drivers
v0x555556c30400_0 .net "aluIn1", 31 0, L_0x555556c06050;  1 drivers
v0x555556c304e0_0 .net "aluIn2", 31 0, L_0x555556c47740;  1 drivers
v0x555556c305c0_0 .net "aluMinus", 32 0, L_0x555556c48250;  1 drivers
v0x555556c306a0_0 .net "aluOut", 31 0, L_0x555556c4bc10;  1 drivers
v0x555556c30780_0 .net "aluPlus", 31 0, L_0x555556c47ab0;  1 drivers
v0x555556c30860_0 .var "aluReg", 31 0;
v0x555556c30940_0 .var "aluShamt", 4 0;
v0x555556c30a20_0 .net "aluWr", 0 0, L_0x555556c596a0;  1 drivers
o0x7f5d81f0ebf8 .functor BUFZ 1, C4<z>; HiZ drive
v0x555556c30ae0_0 .net "clk", 0 0, o0x7f5d81f0ebf8;  0 drivers
v0x555556c30ba0_0 .var "cycles", 31 0;
v0x555556c30c80_0 .net "funct3Is", 7 0, L_0x555556c33310;  1 drivers
v0x555556c30d80_0 .net "funct3IsShift", 0 0, L_0x555556c4cc40;  1 drivers
v0x555556c30e40_0 .var "instr", 31 2;
v0x555556c30f20_0 .net "isALU", 0 0, L_0x555556c04c20;  1 drivers
v0x555556c30fe0_0 .net "isALUimm", 0 0, L_0x555556c45d70;  1 drivers
v0x555556c310a0_0 .net "isALUreg", 0 0, L_0x555556c46360;  1 drivers
v0x555556c31160_0 .net "isAUIPC", 0 0, L_0x555556c46fe0;  1 drivers
v0x555556c31220_0 .net "isBranch", 0 0, L_0x555556c47360;  1 drivers
v0x555556c312e0_0 .net "isJAL", 0 0, L_0x555556c46790;  1 drivers
v0x555556c313a0_0 .net "isJALR", 0 0, L_0x555556c46970;  1 drivers
v0x555556c31460_0 .net "isLUI", 0 0, L_0x555556c46ca0;  1 drivers
v0x555556c31520_0 .net "isLoad", 0 0, L_0x555556c45a90;  1 drivers
v0x555556c315e0_0 .net "isSYSTEM", 0 0, L_0x555556c46670;  1 drivers
v0x555556c316a0_0 .net "isStore", 0 0, L_0x555556c46060;  1 drivers
v0x555556c31760_0 .net "jumpToPCplusImm", 0 0, L_0x555556c59940;  1 drivers
v0x555556c31820_0 .net "loadstore_addr", 31 0, L_0x555556c50180;  1 drivers
v0x555556c31900_0 .net "mem_addr", 31 0, L_0x555556c50c50;  1 drivers
v0x555556c319e0_0 .net "mem_byteAccess", 0 0, L_0x555556c52dd0;  1 drivers
v0x555556c31aa0_0 .net "mem_halfwordAccess", 0 0, L_0x555556c53340;  1 drivers
o0x7f5d81f0efe8 .functor BUFZ 1, C4<z>; HiZ drive
v0x555556c31b60_0 .net "mem_rbusy", 0 0, o0x7f5d81f0efe8;  0 drivers
o0x7f5d81f0f018 .functor BUFZ 32, C4<zzzzzzzzzzzzzzzzzzzzzzzzzzzzzzzz>; HiZ drive
v0x555556c31c20_0 .net "mem_rdata", 31 0, o0x7f5d81f0f018;  0 drivers
v0x555556c2a750_0 .net "mem_rstrb", 0 0, L_0x555556c58d60;  1 drivers
o0x7f5d81f0f078 .functor BUFZ 1, C4<z>; HiZ drive
v0x555556c2a810_0 .net "mem_wbusy", 0 0, o0x7f5d81f0f078;  0 drivers
v0x555556c2a8d0_0 .net "mem_wdata", 31 0, L_0x555556c57150;  1 drivers
v0x555556c2a9b0_0 .net "mem_wmask", 3 0, L_0x555556c59290;  1 drivers
v0x555556c2aa90_0 .net "needToWait", 0 0, L_0x555556c5a4b0;  1 drivers
v0x555556c2ab50_0 .net "predicate", 0 0, L_0x555556c4eb70;  1 drivers
v0x555556c2ac10_0 .net "rdId", 4 0, L_0x555556c331d0;  1 drivers
v0x555556c2acf0 .array "registerFile", 0 31, 31 0;
o0x7f5d81f0f198 .functor BUFZ 1, C4<z>; HiZ drive
v0x555556c2adf0_0 .net "reset", 0 0, o0x7f5d81f0f198;  0 drivers
v0x555556c32cd0_0 .var "rs1", 31 0;
v0x555556c32d70_0 .var "rs2", 31 0;
v0x555556c32e10_0 .var "state", 3 0;
v0x555556c32f10_0 .net "writeBack", 0 0, L_0x555556c58a50;  1 drivers
v0x555556c32fd0_0 .net "writeBackData", 31 0, L_0x555556c52780;  1 drivers
E_0x555556ba04c0 .event posedge, v0x555556c30ae0_0;
L_0x555556c331d0 .part v0x555556c30e40_0, 5, 5;
L_0x555556c33270 .part v0x555556c30e40_0, 10, 3;
L_0x555556c33310 .shift/l 8, L_0x7f5d81ec3018, L_0x555556c33270;
L_0x555556c33450 .part v0x555556c30e40_0, 29, 1;
L_0x555556c33520 .part v0x555556c30e40_0, 10, 19;
L_0x555556c43600 .concat [ 12 19 1 0], L_0x7f5d81ec3060, L_0x555556c33520, L_0x555556c33450;
L_0x555556c437e0 .part v0x555556c30e40_0, 29, 1;
LS_0x555556c43880_0_0 .concat [ 1 1 1 1], L_0x555556c437e0, L_0x555556c437e0, L_0x555556c437e0, L_0x555556c437e0;
LS_0x555556c43880_0_4 .concat [ 1 1 1 1], L_0x555556c437e0, L_0x555556c437e0, L_0x555556c437e0, L_0x555556c437e0;
LS_0x555556c43880_0_8 .concat [ 1 1 1 1], L_0x555556c437e0, L_0x555556c437e0, L_0x555556c437e0, L_0x555556c437e0;
LS_0x555556c43880_0_12 .concat [ 1 1 1 1], L_0x555556c437e0, L_0x555556c437e0, L_0x555556c437e0, L_0x555556c437e0;
LS_0x555556c43880_0_16 .concat [ 1 1 1 1], L_0x555556c437e0, L_0x555556c437e0, L_0x555556c437e0, L_0x555556c437e0;
LS_0x555556c43880_0_20 .concat [ 1 0 0 0], L_0x555556c437e0;
LS_0x555556c43880_1_0 .concat [ 4 4 4 4], LS_0x555556c43880_0_0, LS_0x555556c43880_0_4, LS_0x555556c43880_0_8, LS_0x555556c43880_0_12;
LS_0x555556c43880_1_4 .concat [ 4 1 0 0], LS_0x555556c43880_0_16, LS_0x555556c43880_0_20;
L_0x555556c43880 .concat [ 16 5 0 0], LS_0x555556c43880_1_0, LS_0x555556c43880_1_4;
L_0x555556c439c0 .part v0x555556c30e40_0, 18, 11;
L_0x555556c43a60 .concat [ 11 21 0 0], L_0x555556c439c0, L_0x555556c43880;
L_0x555556c43bb0 .part v0x555556c30e40_0, 29, 1;
LS_0x555556c43c50_0_0 .concat [ 1 1 1 1], L_0x555556c43bb0, L_0x555556c43bb0, L_0x555556c43bb0, L_0x555556c43bb0;
LS_0x555556c43c50_0_4 .concat [ 1 1 1 1], L_0x555556c43bb0, L_0x555556c43bb0, L_0x555556c43bb0, L_0x555556c43bb0;
LS_0x555556c43c50_0_8 .concat [ 1 1 1 1], L_0x555556c43bb0, L_0x555556c43bb0, L_0x555556c43bb0, L_0x555556c43bb0;
LS_0x555556c43c50_0_12 .concat [ 1 1 1 1], L_0x555556c43bb0, L_0x555556c43bb0, L_0x555556c43bb0, L_0x555556c43bb0;
LS_0x555556c43c50_0_16 .concat [ 1 1 1 1], L_0x555556c43bb0, L_0x555556c43bb0, L_0x555556c43bb0, L_0x555556c43bb0;
LS_0x555556c43c50_0_20 .concat [ 1 0 0 0], L_0x555556c43bb0;
LS_0x555556c43c50_1_0 .concat [ 4 4 4 4], LS_0x555556c43c50_0_0, LS_0x555556c43c50_0_4, LS_0x555556c43c50_0_8, LS_0x555556c43c50_0_12;
LS_0x555556c43c50_1_4 .concat [ 4 1 0 0], LS_0x555556c43c50_0_16, LS_0x555556c43c50_0_20;
L_0x555556c43c50 .concat [ 16 5 0 0], LS_0x555556c43c50_1_0, LS_0x555556c43c50_1_4;
L_0x555556c44030 .part v0x555556c30e40_0, 23, 6;
L_0x555556c440d0 .part v0x555556c30e40_0, 5, 5;
L_0x555556c441f0 .concat [ 5 6 21 0], L_0x555556c440d0, L_0x555556c44030, L_0x555556c43c50;
L_0x555556c44390 .part v0x555556c30e40_0, 29, 1;
LS_0x555556c444c0_0_0 .concat [ 1 1 1 1], L_0x555556c44390, L_0x555556c44390, L_0x555556c44390, L_0x555556c44390;
LS_0x555556c444c0_0_4 .concat [ 1 1 1 1], L_0x555556c44390, L_0x555556c44390, L_0x555556c44390, L_0x555556c44390;
LS_0x555556c444c0_0_8 .concat [ 1 1 1 1], L_0x555556c44390, L_0x555556c44390, L_0x555556c44390, L_0x555556c44390;
LS_0x555556c444c0_0_12 .concat [ 1 1 1 1], L_0x555556c44390, L_0x555556c44390, L_0x555556c44390, L_0x555556c44390;
LS_0x555556c444c0_0_16 .concat [ 1 1 1 1], L_0x555556c44390, L_0x555556c44390, L_0x555556c44390, L_0x555556c44390;
LS_0x555556c444c0_1_0 .concat [ 4 4 4 4], LS_0x555556c444c0_0_0, LS_0x555556c444c0_0_4, LS_0x555556c444c0_0_8, LS_0x555556c444c0_0_12;
LS_0x555556c444c0_1_4 .concat [ 4 0 0 0], LS_0x555556c444c0_0_16;
L_0x555556c444c0 .concat [ 16 4 0 0], LS_0x555556c444c0_1_0, LS_0x555556c444c0_1_4;
L_0x555556c44980 .part v0x555556c30e40_0, 5, 1;
L_0x555556c44ac0 .part v0x555556c30e40_0, 23, 6;
L_0x555556c44b60 .part v0x555556c30e40_0, 6, 4;
LS_0x555556c44a20_0_0 .concat [ 1 4 6 1], L_0x7f5d81ec30a8, L_0x555556c44b60, L_0x555556c44ac0, L_0x555556c44980;
LS_0x555556c44a20_0_4 .concat [ 20 0 0 0], L_0x555556c444c0;
L_0x555556c44a20 .concat [ 12 20 0 0], LS_0x555556c44a20_0_0, LS_0x555556c44a20_0_4;
L_0x555556c44eb0 .part v0x555556c30e40_0, 29, 1;
LS_0x555556c45010_0_0 .concat [ 1 1 1 1], L_0x555556c44eb0, L_0x555556c44eb0, L_0x555556c44eb0, L_0x555556c44eb0;
LS_0x555556c45010_0_4 .concat [ 1 1 1 1], L_0x555556c44eb0, L_0x555556c44eb0, L_0x555556c44eb0, L_0x555556c44eb0;
LS_0x555556c45010_0_8 .concat [ 1 1 1 1], L_0x555556c44eb0, L_0x555556c44eb0, L_0x555556c44eb0, L_0x555556c44eb0;
L_0x555556c45010 .concat [ 4 4 4 0], LS_0x555556c45010_0_0, LS_0x555556c45010_0_4, LS_0x555556c45010_0_8;
L_0x555556c45100 .part v0x555556c30e40_0, 10, 8;
L_0x555556c45270 .part v0x555556c30e40_0, 18, 1;
L_0x555556c45520 .part v0x555556c30e40_0, 19, 10;
LS_0x555556c456a0_0_0 .concat [ 1 10 1 8], L_0x7f5d81ec30f0, L_0x555556c45520, L_0x555556c45270, L_0x555556c45100;
LS_0x555556c456a0_0_4 .concat [ 12 0 0 0], L_0x555556c45010;
L_0x555556c456a0 .concat [ 20 12 0 0], LS_0x555556c456a0_0_0, LS_0x555556c456a0_0_4;
L_0x555556c458b0 .part v0x555556c30e40_0, 0, 5;
L_0x555556c45a90 .cmp/eq 5, L_0x555556c458b0, L_0x7f5d81ec3138;
L_0x555556c45bd0 .part v0x555556c30e40_0, 0, 5;
L_0x555556c45d70 .cmp/eq 5, L_0x555556c45bd0, L_0x7f5d81ec3180;
L_0x555556c45eb0 .part v0x555556c30e40_0, 0, 5;
L_0x555556c46060 .cmp/eq 5, L_0x555556c45eb0, L_0x7f5d81ec31c8;
L_0x555556c461a0 .part v0x555556c30e40_0, 0, 5;
L_0x555556c46360 .cmp/eq 5, L_0x555556c461a0, L_0x7f5d81ec3210;
L_0x555556c464a0 .part v0x555556c30e40_0, 0, 5;
L_0x555556c46670 .cmp/eq 5, L_0x555556c464a0, L_0x7f5d81ec3258;
L_0x555556c46790 .part v0x555556c30e40_0, 1, 1;
L_0x555556c46540 .part v0x555556c30e40_0, 0, 5;
L_0x555556c46970 .cmp/eq 5, L_0x555556c46540, L_0x7f5d81ec32a0;
L_0x555556c46c00 .part v0x555556c30e40_0, 0, 5;
L_0x555556c46ca0 .cmp/eq 5, L_0x555556c46c00, L_0x7f5d81ec32e8;
L_0x555556c46f40 .part v0x555556c30e40_0, 0, 5;
L_0x555556c46fe0 .cmp/eq 5, L_0x555556c46f40, L_0x7f5d81ec3330;
L_0x555556c472c0 .part v0x555556c30e40_0, 0, 5;
L_0x555556c47360 .cmp/eq 5, L_0x555556c472c0, L_0x7f5d81ec3378;
L_0x555556c47740 .functor MUXZ 32, L_0x555556c43a60, v0x555556c32d70_0, L_0x555556c08470, C4<>;
L_0x555556c47880 .reduce/or v0x555556c30940_0;
L_0x555556c47ab0 .arith/sum 32, L_0x555556c06050, L_0x555556c47740;
L_0x555556c47c50 .concat [ 32 1 0 0], L_0x555556b66da0, L_0x7f5d81ec33c0;
L_0x555556c47920 .concat [ 32 1 0 0], L_0x555556c06050, L_0x7f5d81ec3408;
L_0x555556c47a10 .arith/sum 33, L_0x555556c47c50, L_0x555556c47920;
L_0x555556c48250 .arith/sum 33, L_0x555556c47a10, L_0x7f5d81ec3450;
L_0x555556c48390 .part L_0x555556c06050, 31, 1;
L_0x555556c485f0 .part L_0x555556c47740, 31, 1;
L_0x555556c486c0 .part L_0x555556c06050, 31, 1;
L_0x555556c48930 .part L_0x555556c48250, 32, 1;
L_0x555556c48a20 .functor MUXZ 1, L_0x555556c48930, L_0x555556c486c0, L_0x555556c47f60, C4<>;
L_0x555556c48d90 .part L_0x555556c48250, 32, 1;
L_0x555556c48e30 .part L_0x555556c48250, 0, 32;
L_0x555556c49150 .cmp/eq 32, L_0x555556c48e30, L_0x7f5d81ec3498;
L_0x555556c49270 .part L_0x555556c33310, 0, 1;
L_0x555556c49560 .part v0x555556c30e40_0, 28, 1;
L_0x555556c49600 .part v0x555556c30e40_0, 3, 1;
L_0x555556c49a30 .part L_0x555556c48250, 0, 32;
L_0x555556c49ad0 .functor MUXZ 32, L_0x555556c47ab0, L_0x555556c49a30, L_0x555556c498b0, C4<>;
L_0x555556c49e80 .functor MUXZ 32, L_0x7f5d81ec34e0, L_0x555556c49ad0, L_0x555556c49270, C4<>;
L_0x555556c4a010 .part L_0x555556c33310, 2, 1;
L_0x555556c4a2e0 .concat [ 1 31 0 0], L_0x555556c48a20, L_0x7f5d81ec3528;
L_0x555556c4a420 .functor MUXZ 32, L_0x7f5d81ec3570, L_0x555556c4a2e0, L_0x555556c4a010, C4<>;
L_0x555556c4a900 .part L_0x555556c33310, 3, 1;
L_0x555556c4a9a0 .concat [ 1 31 0 0], L_0x555556c48d90, L_0x7f5d81ec35b8;
L_0x555556c4ace0 .functor MUXZ 32, L_0x7f5d81ec3600, L_0x555556c4a9a0, L_0x555556c4a900, C4<>;
L_0x555556c4afd0 .part L_0x555556c33310, 4, 1;
L_0x555556c4b340 .functor MUXZ 32, L_0x7f5d81ec3648, L_0x555556c4b2d0, L_0x555556c4afd0, C4<>;
L_0x555556c4b640 .part L_0x555556c33310, 6, 1;
L_0x555556c4b9c0 .functor MUXZ 32, L_0x7f5d81ec3690, L_0x555556c4b950, L_0x555556c4b640, C4<>;
L_0x555556c4bc80 .part L_0x555556c33310, 7, 1;
L_0x555556c4c010 .functor MUXZ 32, L_0x7f5d81ec36d8, L_0x555556c4bfa0, L_0x555556c4bc80, C4<>;
L_0x555556c4c330 .functor MUXZ 32, L_0x7f5d81ec3720, v0x555556c30860_0, L_0x555556c4cc40, C4<>;
L_0x555556c4c750 .part L_0x555556c33310, 1, 1;
L_0x555556c4c900 .part L_0x555556c33310, 5, 1;
L_0x555556c4ce30 .part L_0x555556c33310, 0, 1;
L_0x555556c4cfe0 .part L_0x555556c33310, 1, 1;
L_0x555556c4d330 .reduce/nor L_0x555556c49150;
L_0x555556c4d690 .part L_0x555556c33310, 4, 1;
L_0x555556c4d4e0 .part L_0x555556c33310, 5, 1;
L_0x555556c4dc70 .reduce/nor L_0x555556c48a20;
L_0x555556c4e270 .part L_0x555556c33310, 6, 1;
L_0x555556c4e5b0 .part L_0x555556c33310, 7, 1;
L_0x555556c4e930 .reduce/nor L_0x555556c48d90;
L_0x555556c4ec80 .arith/sum 32, v0x555556c23970_0, L_0x7f5d81ec3768;
L_0x555556c4f0d0 .part v0x555556c30e40_0, 1, 1;
L_0x555556c4f170 .part v0x555556c30e40_0, 2, 1;
L_0x555556c4f510 .functor MUXZ 32, L_0x555556c44a20, L_0x555556c43600, L_0x555556c4f170, C4<>;
L_0x555556c4f6a0 .functor MUXZ 32, L_0x555556c4f510, L_0x555556c456a0, L_0x555556c4f0d0, C4<>;
L_0x555556c4fb40 .arith/sum 32, v0x555556c23970_0, L_0x555556c4f6a0;
L_0x555556c4fc80 .part v0x555556c30e40_0, 3, 1;
L_0x555556c50040 .functor MUXZ 32, L_0x555556c43a60, L_0x555556c441f0, L_0x555556c4fc80, C4<>;
L_0x555556c50180 .arith/sum 32, v0x555556c32cd0_0, L_0x555556c50040;
L_0x555556c505f0 .part v0x555556c32e10_0, 1, 1;
L_0x555556c50690 .part v0x555556c32e10_0, 0, 1;
L_0x555556c50c50 .functor MUXZ 32, L_0x555556c50180, v0x555556c23970_0, L_0x555556c4ed20, C4<>;
L_0x555556c50d90 .functor MUXZ 32, L_0x7f5d81ec37b0, v0x555556c30ba0_0, L_0x555556c46670, C4<>;
L_0x555556c51220 .functor MUXZ 32, L_0x7f5d81ec37f8, L_0x555556c43600, L_0x555556c46ca0, C4<>;
L_0x555556c51470 .functor MUXZ 32, L_0x7f5d81ec3840, L_0x555556c4bc10, L_0x555556c04c20, C4<>;
L_0x555556c51b70 .functor MUXZ 32, L_0x7f5d81ec3888, L_0x555556c4fb40, L_0x555556c46fe0, C4<>;
L_0x555556c52030 .functor MUXZ 32, L_0x7f5d81ec38d0, L_0x555556c4ec80, L_0x555556c51e10, C4<>;
L_0x555556c52640 .functor MUXZ 32, L_0x7f5d81ec3918, L_0x555556c55570, L_0x555556c45a90, C4<>;
L_0x555556c529b0 .part v0x555556c30e40_0, 10, 2;
L_0x555556c52dd0 .cmp/eq 2, L_0x555556c529b0, L_0x7f5d81ec3960;
L_0x555556c52f10 .part v0x555556c30e40_0, 10, 2;
L_0x555556c53340 .cmp/eq 2, L_0x555556c52f10, L_0x7f5d81ec39a8;
L_0x555556c53480 .part v0x555556c30e40_0, 12, 1;
L_0x555556c538c0 .reduce/nor L_0x555556c53480;
L_0x555556c539b0 .part L_0x555556c56de0, 7, 1;
L_0x555556c53e00 .part L_0x555556c56120, 15, 1;
L_0x555556c53ea0 .functor MUXZ 1, L_0x555556c53e00, L_0x555556c539b0, L_0x555556c52dd0, C4<>;
LS_0x555556c54500_0_0 .concat [ 1 1 1 1], L_0x555556c543f0, L_0x555556c543f0, L_0x555556c543f0, L_0x555556c543f0;
LS_0x555556c54500_0_4 .concat [ 1 1 1 1], L_0x555556c543f0, L_0x555556c543f0, L_0x555556c543f0, L_0x555556c543f0;
LS_0x555556c54500_0_8 .concat [ 1 1 1 1], L_0x555556c543f0, L_0x555556c543f0, L_0x555556c543f0, L_0x555556c543f0;
LS_0x555556c54500_0_12 .concat [ 1 1 1 1], L_0x555556c543f0, L_0x555556c543f0, L_0x555556c543f0, L_0x555556c543f0;
LS_0x555556c54500_0_16 .concat [ 1 1 1 1], L_0x555556c543f0, L_0x555556c543f0, L_0x555556c543f0, L_0x555556c543f0;
LS_0x555556c54500_0_20 .concat [ 1 1 1 1], L_0x555556c543f0, L_0x555556c543f0, L_0x555556c543f0, L_0x555556c543f0;
LS_0x555556c54500_1_0 .concat [ 4 4 4 4], LS_0x555556c54500_0_0, LS_0x555556c54500_0_4, LS_0x555556c54500_0_8, LS_0x555556c54500_0_12;
LS_0x555556c54500_1_4 .concat [ 4 4 0 0], LS_0x555556c54500_0_16, LS_0x555556c54500_0_20;
L_0x555556c54500 .concat [ 16 8 0 0], LS_0x555556c54500_1_0, LS_0x555556c54500_1_4;
L_0x555556c545f0 .concat [ 8 24 0 0], L_0x555556c56de0, L_0x555556c54500;
LS_0x555556c54ab0_0_0 .concat [ 1 1 1 1], L_0x555556c543f0, L_0x555556c543f0, L_0x555556c543f0, L_0x555556c543f0;
LS_0x555556c54ab0_0_4 .concat [ 1 1 1 1], L_0x555556c543f0, L_0x555556c543f0, L_0x555556c543f0, L_0x555556c543f0;
LS_0x555556c54ab0_0_8 .concat [ 1 1 1 1], L_0x555556c543f0, L_0x555556c543f0, L_0x555556c543f0, L_0x555556c543f0;
LS_0x555556c54ab0_0_12 .concat [ 1 1 1 1], L_0x555556c543f0, L_0x555556c543f0, L_0x555556c543f0, L_0x555556c543f0;
L_0x555556c54ab0 .concat [ 4 4 4 4], LS_0x555556c54ab0_0_0, LS_0x555556c54ab0_0_4, LS_0x555556c54ab0_0_8, LS_0x555556c54ab0_0_12;
L_0x555556c54f60 .concat [ 16 16 0 0], L_0x555556c56120, L_0x555556c54ab0;
L_0x555556c55430 .functor MUXZ 32, o0x7f5d81f0f018, L_0x555556c54f60, L_0x555556c53340, C4<>;
L_0x555556c55570 .functor MUXZ 32, L_0x555556c55430, L_0x555556c545f0, L_0x555556c52dd0, C4<>;
L_0x555556c55af0 .part L_0x555556c50180, 1, 1;
L_0x555556c55b90 .part o0x7f5d81f0f018, 16, 16;
L_0x555556c56080 .part o0x7f5d81f0f018, 0, 16;
L_0x555556c56120 .functor MUXZ 16, L_0x555556c56080, L_0x555556c55b90, L_0x555556c55af0, C4<>;
L_0x555556c566c0 .part L_0x555556c50180, 0, 1;
L_0x555556c567f0 .part L_0x555556c56120, 8, 8;
L_0x555556c56d40 .part L_0x555556c56120, 0, 8;
L_0x555556c56de0 .functor MUXZ 8, L_0x555556c56d40, L_0x555556c567f0, L_0x555556c566c0, C4<>;
L_0x555556c569c0 .part v0x555556c32d70_0, 0, 8;
L_0x555556c56ab0 .part L_0x555556c50180, 0, 1;
L_0x555556c56b50 .part v0x555556c32d70_0, 0, 8;
L_0x555556c56bf0 .part v0x555556c32d70_0, 8, 8;
L_0x555556c572d0 .functor MUXZ 8, L_0x555556c56bf0, L_0x555556c56b50, L_0x555556c56ab0, C4<>;
L_0x555556c57410 .part L_0x555556c50180, 1, 1;
L_0x555556c56e80 .part v0x555556c32d70_0, 0, 8;
L_0x555556c56f20 .part v0x555556c32d70_0, 16, 8;
L_0x555556c56fc0 .functor MUXZ 8, L_0x555556c56f20, L_0x555556c56e80, L_0x555556c57410, C4<>;
L_0x555556c57150 .concat8 [ 8 8 8 8], L_0x555556c569c0, L_0x555556c572d0, L_0x555556c56fc0, L_0x555556c57e70;
L_0x555556c574b0 .part L_0x555556c50180, 0, 1;
L_0x555556c57550 .part v0x555556c32d70_0, 0, 8;
L_0x555556c575f0 .part L_0x555556c50180, 1, 1;
L_0x555556c57690 .part v0x555556c32d70_0, 8, 8;
L_0x555556c57730 .part v0x555556c32d70_0, 24, 8;
L_0x555556c577d0 .functor MUXZ 8, L_0x555556c57730, L_0x555556c57690, L_0x555556c575f0, C4<>;
L_0x555556c57e70 .functor MUXZ 8, L_0x555556c577d0, L_0x555556c57550, L_0x555556c574b0, C4<>;
L_0x555556c58050 .part L_0x555556c50180, 1, 1;
L_0x555556c57970 .part L_0x555556c50180, 0, 1;
L_0x555556c57a10 .functor MUXZ 4, L_0x7f5d81ec3a38, L_0x7f5d81ec39f0, L_0x555556c57970, C4<>;
L_0x555556c57ba0 .part L_0x555556c50180, 0, 1;
L_0x555556c57c40 .functor MUXZ 4, L_0x7f5d81ec3ac8, L_0x7f5d81ec3a80, L_0x555556c57ba0, C4<>;
L_0x555556c585d0 .functor MUXZ 4, L_0x555556c57c40, L_0x555556c57a10, L_0x555556c58050, C4<>;
L_0x555556c58710 .part L_0x555556c50180, 1, 1;
L_0x555556c580f0 .functor MUXZ 4, L_0x7f5d81ec3b58, L_0x7f5d81ec3b10, L_0x555556c58710, C4<>;
L_0x555556c58280 .functor MUXZ 4, L_0x7f5d81ec3ba0, L_0x555556c580f0, L_0x555556c53340, C4<>;
L_0x555556c583c0 .functor MUXZ 4, L_0x555556c58280, L_0x555556c585d0, L_0x555556c52dd0, C4<>;
L_0x555556c58e50 .part v0x555556c32e10_0, 2, 1;
L_0x555556c587b0 .part v0x555556c32e10_0, 3, 1;
L_0x555556c58b60 .part v0x555556c32e10_0, 2, 1;
L_0x555556c58cc0 .part v0x555556c32e10_0, 0, 1;
L_0x555556c59600 .part v0x555556c32e10_0, 2, 1;
L_0x555556c59110 .concat [ 1 1 1 1], L_0x555556c58ef0, L_0x555556c58ef0, L_0x555556c58ef0, L_0x555556c58ef0;
L_0x555556c59350 .part v0x555556c32e10_0, 2, 1;
    .scope S_0x555556bcc850;
T_0 ;
    %wait E_0x555556ba04c0;
    %load/vec4 v0x555556c32f10_0;
    %flag_set/vec4 8;
    %jmp/0xz  T_0.0, 8;
    %load/vec4 v0x555556c2ac10_0;
    %pad/u 32;
    %cmpi/ne 0, 0, 32;
    %jmp/0xz  T_0.2, 4;
    %load/vec4 v0x555556c32fd0_0;
    %load/vec4 v0x555556c2ac10_0;
    %pad/u 7;
    %ix/vec4 3;
    %ix/load 4, 0, 0; Constant delay
    %assign/vec4/a/d v0x555556c2acf0, 0, 4;
T_0.2 ;
T_0.0 ;
    %jmp T_0;
    .thread T_0;
    .scope S_0x555556bcc850;
T_1 ;
    %wait E_0x555556ba04c0;
    %load/vec4 v0x555556c30a20_0;
    %flag_set/vec4 8;
    %jmp/0xz  T_1.0, 8;
    %load/vec4 v0x555556c30d80_0;
    %flag_set/vec4 8;
    %jmp/0xz  T_1.2, 8;
    %load/vec4 v0x555556c30400_0;
    %assign/vec4 v0x555556c30860_0, 0;
    %load/vec4 v0x555556c304e0_0;
    %parti/s 5, 0, 2;
    %assign/vec4 v0x555556c30940_0, 0;
T_1.2 ;
T_1.0 ;
    %load/vec4 v0x555556c30940_0;
    %or/r;
    %flag_set/vec4 8;
    %jmp/0xz  T_1.4, 8;
    %load/vec4 v0x555556c30940_0;
    %subi 1, 0, 5;
    %assign/vec4 v0x555556c30940_0, 0;
    %load/vec4 v0x555556c30c80_0;
    %parti/s 1, 1, 2;
    %flag_set/vec4 8;
    %jmp/0 T_1.6, 8;
    %load/vec4 v0x555556c30860_0;
    %ix/load 4, 1, 0;
    %flag_set/imm 4, 0;
    %shiftl 4;
    %jmp/1 T_1.7, 8;
T_1.6 ; End of true expr.
    %load/vec4 v0x555556c30e40_0;
    %parti/s 1, 28, 6;
    %load/vec4 v0x555556c30860_0;
    %parti/s 1, 31, 6;
    %and;
    %load/vec4 v0x555556c30860_0;
    %parti/s 31, 1, 2;
    %concat/vec4; draw_concat_vec4
    %jmp/0 T_1.7, 8;
 ; End of false expr.
    %blend;
T_1.7;
    %assign/vec4 v0x555556c30860_0, 0;
T_1.4 ;
    %jmp T_1;
    .thread T_1;
    .scope S_0x555556bcc850;
T_2 ;
    %wait E_0x555556ba04c0;
    %load/vec4 v0x555556c2adf0_0;
    %nor/r;
    %flag_set/vec4 8;
    %jmp/0xz  T_2.0, 8;
    %pushi/vec4 8, 0, 4;
    %assign/vec4 v0x555556c32e10_0, 0;
    %pushi/vec4 0, 0, 32;
    %assign/vec4 v0x555556c23970_0, 0;
    %jmp T_2.1;
T_2.0 ;
    %pushi/vec4 1, 0, 1;
    %dup/vec4;
    %load/vec4 v0x555556c32e10_0;
    %parti/s 1, 1, 2;
    %cmp/u;
    %jmp/1 T_2.2, 6;
    %dup/vec4;
    %load/vec4 v0x555556c32e10_0;
    %parti/s 1, 2, 3;
    %cmp/u;
    %jmp/1 T_2.3, 6;
    %dup/vec4;
    %load/vec4 v0x555556c32e10_0;
    %parti/s 1, 3, 3;
    %cmp/u;
    %jmp/1 T_2.4, 6;
    %pushi/vec4 2, 0, 4;
    %assign/vec4 v0x555556c32e10_0, 0;
    %jmp T_2.6;
T_2.2 ;
    %load/vec4 v0x555556c31b60_0;
    %nor/r;
    %flag_set/vec4 8;
    %jmp/0xz  T_2.7, 8;
    %load/vec4 v0x555556c31c20_0;
    %parti/s 5, 15, 5;
    %pad/u 7;
    %ix/vec4 4;
    %load/vec4a v0x555556c2acf0, 4;
    %assign/vec4 v0x555556c32cd0_0, 0;
    %load/vec4 v0x555556c31c20_0;
    %parti/s 5, 20, 6;
    %pad/u 7;
    %ix/vec4 4;
    %load/vec4a v0x555556c2acf0, 4;
    %assign/vec4 v0x555556c32d70_0, 0;
    %load/vec4 v0x555556c31c20_0;
    %parti/s 30, 2, 3;
    %assign/vec4 v0x555556c30e40_0, 0;
    %pushi/vec4 4, 0, 4;
    %assign/vec4 v0x555556c32e10_0, 0;
T_2.7 ;
    %jmp T_2.6;
T_2.3 ;
    %load/vec4 v0x555556c313a0_0;
    %flag_set/vec4 8;
    %jmp/0 T_2.9, 8;
    %load/vec4 v0x555556c30780_0;
    %parti/s 31, 1, 2;
    %concati/vec4 0, 0, 1;
    %jmp/1 T_2.10, 8;
T_2.9 ; End of true expr.
    %load/vec4 v0x555556c31760_0;
    %flag_set/vec4 9;
    %jmp/0 T_2.11, 9;
    %load/vec4 v0x555556c23b30_0;
    %jmp/1 T_2.12, 9;
T_2.11 ; End of true expr.
    %load/vec4 v0x555556c23a50_0;
    %jmp/0 T_2.12, 9;
 ; End of false expr.
    %blend;
T_2.12;
    %jmp/0 T_2.10, 8;
 ; End of false expr.
    %blend;
T_2.10;
    %assign/vec4 v0x555556c23970_0, 0;
    %load/vec4 v0x555556c2aa90_0;
    %flag_set/vec4 8;
    %jmp/0 T_2.13, 8;
    %pushi/vec4 8, 0, 35;
    %jmp/1 T_2.14, 8;
T_2.13 ; End of true expr.
    %pushi/vec4 1, 0, 35;
    %jmp/0 T_2.14, 8;
 ; End of false expr.
    %blend;
T_2.14;
    %pad/s 4;
    %assign/vec4 v0x555556c32e10_0, 0;
    %jmp T_2.6;
T_2.4 ;
    %load/vec4 v0x555556c30340_0;
    %nor/r;
    %load/vec4 v0x555556c31b60_0;
    %nor/r;
    %and;
    %load/vec4 v0x555556c2a810_0;
    %nor/r;
    %and;
    %flag_set/vec4 8;
    %jmp/0xz  T_2.15, 8;
    %pushi/vec4 1, 0, 4;
    %assign/vec4 v0x555556c32e10_0, 0;
T_2.15 ;
    %jmp T_2.6;
T_2.6 ;
    %pop/vec4 1;
T_2.1 ;
    %jmp T_2;
    .thread T_2;
    .scope S_0x555556bcc850;
T_3 ;
    %wait E_0x555556ba04c0;
    %load/vec4 v0x555556c30ba0_0;
    %addi 1, 0, 32;
    %assign/vec4 v0x555556c30ba0_0, 0;
    %jmp T_3;
    .thread T_3;
    .scope S_0x555556bcc850;
T_4 ;
    %pushi/vec4 0, 0, 32;
    %store/vec4 v0x555556c30ba0_0, 0, 32;
    %pushi/vec4 0, 0, 5;
    %store/vec4 v0x555556c30940_0, 0, 5;
    %pushi/vec4 0, 0, 32;
    %ix/load 4, 0, 0;
    %flag_set/imm 4, 0;
    %store/vec4a v0x555556c2acf0, 4, 0;
    %end;
    .thread T_4;
# The file index is used to find the file name in the following table.
:file_names 3;
    "N/A";
    "<interactive>";
    "/home/jjateen/Desktop/risc-v-soc/src/femtorv32_quark.v";
